#
# There is insufficient memory for the Java Runtime Environment to continue.
# Native memory allocation (malloc) failed to allocate 1048576 bytes for AllocateHeap
# Possible reasons:
#   The system is out of physical RAM or swap space
#   The process is running with CompressedOops enabled, and the Java Heap may be blocking the growth of the native heap
# Possible solutions:
#   Reduce memory load on the system
#   Increase physical memory or swap space
#   Check if swap backing store is full
#   Decrease Java heap size (-Xmx/-Xms)
#   Decrease number of Java threads
#   Decrease Java thread stack sizes (-Xss)
#   Set larger code cache with -XX:ReservedCodeCacheSize=
#   JVM is running with Unscaled Compressed Oops mode in which the Java heap is
#     placed in the first 4GB address space. The Java Heap base address is the
#     maximum limit for the native heap growth. Please use -XX:HeapBaseMinAddress
#     to set the Java Heap base and to place the Java Heap above 4GB virtual address.
# This output file may be truncated or incomplete.
#
#  Out of Memory Error (./open/src/hotspot/share/memory/allocation.cpp:44), pid=14544, tid=4996
#
# JRE version: OpenJDK Runtime Environment (14.0.2+12) (build 14.0.2+12-46)
# Java VM: OpenJDK 64-Bit Server VM (14.0.2+12-46, mixed mode, tiered, compressed oops, g1 gc, windows-amd64)
# No core dump will be written. Minidumps are not enabled by default on client versions of Windows
#

---------------  S U M M A R Y ------------

Command Line: -Dcom.sun.management.jmxremote -Dcom.sun.management.jmxremote.port=61100 -Dcom.sun.management.jmxremote.authenticate=false -Dcom.sun.management.jmxremote.ssl=false -Djava.rmi.server.hostname=localhost -Dspring.jmx.enabled=true -Dspring.application.admin.enabled=true -Xverify:none -XX:TieredStopAtLevel=1 -Dspring.boot.project.name=MS06-Admin-Server -Dfile.encoding=UTF-8 -XX:+ShowCodeDetailsInExceptionMessages com.swamy.Ms06AdminServerApplication --spring.output.ansi.enabled=always

Host: Intel(R) Core(TM) i3-8145U CPU @ 2.10GHz, 4 cores, 3G,  Windows 10 , 64 bit Build 19041 (10.0.19041.1566)
Time: Fri May  6 12:40:40 2022 India Standard Time elapsed time: 2 seconds (0d 0h 0m 2s)

---------------  T H R E A D  ---------------

Current thread (0x000001f767bf4800):  VMThread "VM Thread" [stack: 0x000000da15e00000,0x000000da15f00000] [id=4996]

Stack: [0x000000da15e00000,0x000000da15f00000]
[error occurred during error reporting (printing stack bounds), id 0xc0000005, EXCEPTION_ACCESS_VIOLATION (0xc0000005) at pc=0x000001f7542110ad]

Native frames: (J=compiled Java code, j=interpreted, Vv=VM code, C=native code)
V  [jvm.dll+0x5f8a9a]
V  [jvm.dll+0x74247a]
V  [jvm.dll+0x743c2f]
V  [jvm.dll+0x7441d5]
V  [jvm.dll+0x74418b]
V  [jvm.dll+0x5f7f6f]
V  [jvm.dll+0x5f8738]
C  [ntdll.dll+0xa20cf]
C  [ntdll.dll+0x51454]
C  [ntdll.dll+0xa0bfe]
C  0x000001f7542110ad

VM_Operation (0x000000da176fca20): CollectForMetadataAllocation, mode: safepoint, requested by thread 0x000001f768e58000


---------------  P R O C E S S  ---------------

Threads class SMR info:
_java_thread_list=0x000001f769d1bc40, length=21, elements={
0x000001f75054a000, 0x000001f767c09800, 0x000001f767c0b800, 0x000001f767c32800,
0x000001f767c36800, 0x000001f767c37800, 0x000001f767c44000, 0x000001f767c48000,
0x000001f768604800, 0x000001f768711000, 0x000001f768c84000, 0x000001f768c84800,
0x000001f768cb6000, 0x000001f768cef800, 0x000001f768d69000, 0x000001f768d98000,
0x000001f768e18000, 0x000001f768e43000, 0x000001f768e54000, 0x000001f768e57800,
0x000001f768e58000
}

Java Threads: ( => current thread )
  0x000001f75054a000 JavaThread "main" [_thread_blocked, id=9920, stack(0x000000da15800000,0x000000da15900000)]
  0x000001f767c09800 JavaThread "Reference Handler" daemon [_thread_blocked, id=3504, stack(0x000000da15f00000,0x000000da16000000)]
  0x000001f767c0b800 JavaThread "Finalizer" daemon [_thread_blocked, id=3272, stack(0x000000da16000000,0x000000da16100000)]
  0x000001f767c32800 JavaThread "Signal Dispatcher" daemon [_thread_blocked, id=2736, stack(0x000000da16100000,0x000000da16200000)]
  0x000001f767c36800 JavaThread "Attach Listener" daemon [_thread_blocked, id=12028, stack(0x000000da16200000,0x000000da16300000)]
  0x000001f767c37800 JavaThread "Service Thread" daemon [_thread_blocked, id=14036, stack(0x000000da16300000,0x000000da16400000)]
  0x000001f767c44000 JavaThread "C1 CompilerThread0" daemon [_thread_blocked, id=8628, stack(0x000000da16400000,0x000000da16500000)]
  0x000001f767c48000 JavaThread "Sweeper thread" daemon [_thread_blocked, id=1304, stack(0x000000da16500000,0x000000da16600000)]
  0x000001f768604800 JavaThread "Common-Cleaner" daemon [_thread_blocked, id=1336, stack(0x000000da16600000,0x000000da16700000)]
  0x000001f768711000 JavaThread "Notification Thread" daemon [_thread_blocked, id=9432, stack(0x000000da16700000,0x000000da16800000)]
  0x000001f768c84000 JavaThread "RMI TCP Accept-0" daemon [_thread_in_native, id=14412, stack(0x000000da16800000,0x000000da16900000)]
  0x000001f768c84800 JavaThread "RMI TCP Accept-0" daemon [_thread_in_native, id=11828, stack(0x000000da16900000,0x000000da16a00000)]
  0x000001f768cb6000 JavaThread "RMI TCP Accept-61100" daemon [_thread_in_native, id=11716, stack(0x000000da16b00000,0x000000da16c00000)]
  0x000001f768cef800 JavaThread "RMI TCP Connection(1)-127.0.0.1" daemon [_thread_in_native, id=11984, stack(0x000000da16c00000,0x000000da16d00000)]
  0x000001f768d69000 JavaThread "RMI Scheduler(0)" daemon [_thread_blocked, id=11684, stack(0x000000da16d00000,0x000000da16e00000)]
  0x000001f768d98000 JavaThread "JMX server connection timeout 19" daemon [_thread_blocked, id=13792, stack(0x000000da17100000,0x000000da17200000)]
  0x000001f768e18000 JavaThread "RMI TCP Connection(2)-127.0.0.1" daemon [_thread_in_native, id=9608, stack(0x000000da17200000,0x000000da17300000)]
  0x000001f768e43000 JavaThread "RMI TCP Connection(3)-127.0.0.1" daemon [_thread_in_native, id=5912, stack(0x000000da17300000,0x000000da17400000)]
  0x000001f768e54000 JavaThread "JMX server connection timeout 22" daemon [_thread_blocked, id=10632, stack(0x000000da17400000,0x000000da17500000)]
  0x000001f768e57800 JavaThread "Thread-0" [_thread_blocked, id=2556, stack(0x000000da17500000,0x000000da17600000)]
  0x000001f768e58000 JavaThread "restartedMain" [_thread_blocked, id=11896, stack(0x000000da17600000,0x000000da17700000)]

Other Threads:
=>0x000001f767bf4800 VMThread "VM Thread" [stack: 0x000000da15e00000,0x000000da15f00000] [id=4996]
  0x000001f768ce8800 WatcherThread [stack: 0x000000da16a00000,0x000000da16b00000] [id=13932]
  0x000001f75057b800 GCTaskThread "GC Thread#0" [stack: 0x000000da15900000,0x000000da15a00000] [id=8940]
  0x000001f768d68000 GCTaskThread "GC Thread#1" [stack: 0x000000da16e00000,0x000000da16f00000] [id=4092]
  0x000001f769096800 GCTaskThread "GC Thread#2" [stack: 0x000000da17700000,0x000000da17800000] [id=8624]
  0x000001f769ce9800 GCTaskThread "GC Thread#3" [stack: 0x000000da17800000,0x000000da17900000] [id=11308]
  0x000001f750584800 ConcurrentGCThread "G1 Main Marker" [stack: 0x000000da15a00000,0x000000da15b00000] [id=14072]
  0x000001f750586800 ConcurrentGCThread "G1 Conc#0" [stack: 0x000000da15b00000,0x000000da15c00000] [id=10624]
  0x000001f7505e0800 ConcurrentGCThread "G1 Refine#0" [stack: 0x000000da15c00000,0x000000da15d00000] [id=2680]
  0x000001f7687fe000 ConcurrentGCThread "G1 Refine#1" [stack: 0x000000da16f00000,0x000000da17000000] [id=9036]
  0x000001f768d5a800 ConcurrentGCThread "G1 Refine#2" [stack: 0x000000da17000000,0x000000da17100000] [id=3360]
  0x000001f7505e3800 ConcurrentGCThread "G1 Young RemSet Sampling" [stack: 0x000000da15d00000,0x000000da15e00000] [id=3252]

Threads with active compile tasks:
C1 CompilerThread0     2380 1563       1       java.lang.invoke.DirectMethodHandle::shouldBeInitialized (127 bytes)

VM state:at safepoint (normal execution)

VM Mutex/Monitor currently owned by a thread:  ([mutex/lock_event])
[0x000001f750545f90] Threads_lock - owner thread: 0x000001f767bf4800
[0x000001f750546800] Heap_lock - owner thread: 0x000001f768e58000

Heap address: 0x00000000c1c00000, size: 996 MB, Compressed Oops mode: 32-bit
Narrow klass base: 0x0000000000000000, Narrow klass shift: 3
Compressed class space size: 1073741824 Address: 0x0000000100000000

Heap:
 garbage-first heap   total 65536K, used 6548K [0x00000000c1c00000, 0x0000000100000000)
  region size 1024K, 2 young (2048K), 2 survivors (2048K)
 Metaspace       used 17405K, capacity 17788K, committed 17920K, reserved 1067008K
  class space    used 1915K, capacity 2048K, committed 2048K, reserved 1048576K
Heap Regions: E=young(eden), S=young(survivor), O=old, HS=humongous(starts), HC=humongous(continues), CS=collection set, F=free, OA=open archive, CA=closed archive, TAMS=top-at-mark-start (previous, next)
|   0|0x00000000c1c00000, 0x00000000c1d00000, 0x00000000c1d00000|100%| O|  |TAMS 0x00000000c1c00000, 0x00000000c1d00000| Untracked 
|   1|0x00000000c1d00000, 0x00000000c1e00000, 0x00000000c1e00000|100%| O|  |TAMS 0x00000000c1d00000, 0x00000000c1e00000| Untracked 
|   2|0x00000000c1e00000, 0x00000000c1f00000, 0x00000000c1f00000|100%| O|  |TAMS 0x00000000c1e00000, 0x00000000c1f00000| Untracked 
|   3|0x00000000c1f00000, 0x00000000c2000000, 0x00000000c2000000|100%| O|  |TAMS 0x00000000c1f00000, 0x00000000c2000000| Untracked 
|   4|0x00000000c2000000, 0x00000000c20d2a00, 0x00000000c2100000| 82%| O|  |TAMS 0x00000000c2000000, 0x00000000c20d2a00| Untracked 
|   5|0x00000000c2100000, 0x00000000c2100000, 0x00000000c2200000|  0%| F|  |TAMS 0x00000000c2100000, 0x00000000c2100000| Untracked 
|   6|0x00000000c2200000, 0x00000000c2200000, 0x00000000c2300000|  0%| F|  |TAMS 0x00000000c2200000, 0x00000000c2200000| Untracked 
|   7|0x00000000c2300000, 0x00000000c2300000, 0x00000000c2400000|  0%| F|  |TAMS 0x00000000c2300000, 0x00000000c2300000| Untracked 
|   8|0x00000000c2400000, 0x00000000c2400000, 0x00000000c2500000|  0%| F|  |TAMS 0x00000000c2400000, 0x00000000c2400000| Untracked 
|   9|0x00000000c2500000, 0x00000000c2500000, 0x00000000c2600000|  0%| F|  |TAMS 0x00000000c2500000, 0x00000000c2500000| Untracked 
|  10|0x00000000c2600000, 0x00000000c2600000, 0x00000000c2700000|  0%| F|  |TAMS 0x00000000c2600000, 0x00000000c2600000| Untracked 
|  11|0x00000000c2700000, 0x00000000c2700000, 0x00000000c2800000|  0%| F|  |TAMS 0x00000000c2700000, 0x00000000c2700000| Untracked 
|  12|0x00000000c2800000, 0x00000000c2800000, 0x00000000c2900000|  0%| F|  |TAMS 0x00000000c2800000, 0x00000000c2800000| Untracked 
|  13|0x00000000c2900000, 0x00000000c2900000, 0x00000000c2a00000|  0%| F|  |TAMS 0x00000000c2900000, 0x00000000c2900000| Untracked 
|  14|0x00000000c2a00000, 0x00000000c2a00000, 0x00000000c2b00000|  0%| F|  |TAMS 0x00000000c2a00000, 0x00000000c2a00000| Untracked 
|  15|0x00000000c2b00000, 0x00000000c2b00000, 0x00000000c2c00000|  0%| F|  |TAMS 0x00000000c2b00000, 0x00000000c2b00000| Untracked 
|  16|0x00000000c2c00000, 0x00000000c2c00000, 0x00000000c2d00000|  0%| F|  |TAMS 0x00000000c2c00000, 0x00000000c2c00000| Untracked 
|  17|0x00000000c2d00000, 0x00000000c2d00000, 0x00000000c2e00000|  0%| F|  |TAMS 0x00000000c2d00000, 0x00000000c2d00000| Untracked 
|  18|0x00000000c2e00000, 0x00000000c2e00000, 0x00000000c2f00000|  0%| F|  |TAMS 0x00000000c2e00000, 0x00000000c2e00000| Untracked 
|  19|0x00000000c2f00000, 0x00000000c2f00000, 0x00000000c3000000|  0%| F|  |TAMS 0x00000000c2f00000, 0x00000000c2f00000| Untracked 
|  20|0x00000000c3000000, 0x00000000c3000000, 0x00000000c3100000|  0%| F|  |TAMS 0x00000000c3000000, 0x00000000c3000000| Untracked 
|  21|0x00000000c3100000, 0x00000000c3100000, 0x00000000c3200000|  0%| F|  |TAMS 0x00000000c3100000, 0x00000000c3100000| Untracked 
|  22|0x00000000c3200000, 0x00000000c3200000, 0x00000000c3300000|  0%| F|  |TAMS 0x00000000c3200000, 0x00000000c3200000| Untracked 
|  23|0x00000000c3300000, 0x00000000c3300000, 0x00000000c3400000|  0%| F|  |TAMS 0x00000000c3300000, 0x00000000c3300000| Untracked 
|  24|0x00000000c3400000, 0x00000000c3400000, 0x00000000c3500000|  0%| F|  |TAMS 0x00000000c3400000, 0x00000000c3400000| Untracked 
|  25|0x00000000c3500000, 0x00000000c3500000, 0x00000000c3600000|  0%| F|  |TAMS 0x00000000c3500000, 0x00000000c3500000| Untracked 
|  26|0x00000000c3600000, 0x00000000c3600000, 0x00000000c3700000|  0%| F|  |TAMS 0x00000000c3600000, 0x00000000c3600000| Untracked 
|  27|0x00000000c3700000, 0x00000000c3700000, 0x00000000c3800000|  0%| F|  |TAMS 0x00000000c3700000, 0x00000000c3700000| Untracked 
|  28|0x00000000c3800000, 0x00000000c3800000, 0x00000000c3900000|  0%| F|  |TAMS 0x00000000c3800000, 0x00000000c3800000| Untracked 
|  29|0x00000000c3900000, 0x00000000c3900000, 0x00000000c3a00000|  0%| F|  |TAMS 0x00000000c3900000, 0x00000000c3900000| Untracked 
|  30|0x00000000c3a00000, 0x00000000c3a00000, 0x00000000c3b00000|  0%| F|  |TAMS 0x00000000c3a00000, 0x00000000c3a00000| Untracked 
|  31|0x00000000c3b00000, 0x00000000c3b00000, 0x00000000c3c00000|  0%| F|  |TAMS 0x00000000c3b00000, 0x00000000c3b00000| Untracked 
|  32|0x00000000c3c00000, 0x00000000c3c00000, 0x00000000c3d00000|  0%| F|  |TAMS 0x00000000c3c00000, 0x00000000c3c00000| Untracked 
|  33|0x00000000c3d00000, 0x00000000c3d00000, 0x00000000c3e00000|  0%| F|  |TAMS 0x00000000c3d00000, 0x00000000c3d00000| Untracked 
|  34|0x00000000c3e00000, 0x00000000c3e00000, 0x00000000c3f00000|  0%| F|  |TAMS 0x00000000c3e00000, 0x00000000c3e00000| Untracked 
|  35|0x00000000c3f00000, 0x00000000c3f00000, 0x00000000c4000000|  0%| F|  |TAMS 0x00000000c3f00000, 0x00000000c3f00000| Untracked 
|  36|0x00000000c4000000, 0x00000000c4000000, 0x00000000c4100000|  0%| F|  |TAMS 0x00000000c4000000, 0x00000000c4000000| Untracked 
|  37|0x00000000c4100000, 0x00000000c4100000, 0x00000000c4200000|  0%| F|  |TAMS 0x00000000c4100000, 0x00000000c4100000| Untracked 
|  38|0x00000000c4200000, 0x00000000c4200000, 0x00000000c4300000|  0%| F|  |TAMS 0x00000000c4200000, 0x00000000c4200000| Untracked 
|  39|0x00000000c4300000, 0x00000000c4300000, 0x00000000c4400000|  0%| F|  |TAMS 0x00000000c4300000, 0x00000000c4300000| Untracked 
|  40|0x00000000c4400000, 0x00000000c4400000, 0x00000000c4500000|  0%| F|  |TAMS 0x00000000c4400000, 0x00000000c4400000| Untracked 
|  41|0x00000000c4500000, 0x00000000c4500000, 0x00000000c4600000|  0%| F|  |TAMS 0x00000000c4500000, 0x00000000c4500000| Untracked 
|  42|0x00000000c4600000, 0x00000000c4600000, 0x00000000c4700000|  0%| F|  |TAMS 0x00000000c4600000, 0x00000000c4600000| Untracked 
|  43|0x00000000c4700000, 0x00000000c4700000, 0x00000000c4800000|  0%| F|  |TAMS 0x00000000c4700000, 0x00000000c4700000| Untracked 
|  44|0x00000000c4800000, 0x00000000c4800000, 0x00000000c4900000|  0%| F|  |TAMS 0x00000000c4800000, 0x00000000c4800000| Untracked 
|  45|0x00000000c4900000, 0x00000000c4900000, 0x00000000c4a00000|  0%| F|  |TAMS 0x00000000c4900000, 0x00000000c4900000| Untracked 
|  46|0x00000000c4a00000, 0x00000000c4a00000, 0x00000000c4b00000|  0%| F|  |TAMS 0x00000000c4a00000, 0x00000000c4a00000| Untracked 
|  47|0x00000000c4b00000, 0x00000000c4b00000, 0x00000000c4c00000|  0%| F|  |TAMS 0x00000000c4b00000, 0x00000000c4b00000| Untracked 
|  48|0x00000000c4c00000, 0x00000000c4c00000, 0x00000000c4d00000|  0%| F|  |TAMS 0x00000000c4c00000, 0x00000000c4c00000| Untracked 
|  49|0x00000000c4d00000, 0x00000000c4d00000, 0x00000000c4e00000|  0%| F|  |TAMS 0x00000000c4d00000, 0x00000000c4d00000| Untracked 
|  50|0x00000000c4e00000, 0x00000000c4e00000, 0x00000000c4f00000|  0%| F|  |TAMS 0x00000000c4e00000, 0x00000000c4e00000| Untracked 
|  51|0x00000000c4f00000, 0x00000000c4f00000, 0x00000000c5000000|  0%| F|  |TAMS 0x00000000c4f00000, 0x00000000c4f00000| Untracked 
|  52|0x00000000c5000000, 0x00000000c5000000, 0x00000000c5100000|  0%| F|  |TAMS 0x00000000c5000000, 0x00000000c5000000| Untracked 
|  53|0x00000000c5100000, 0x00000000c5100000, 0x00000000c5200000|  0%| F|  |TAMS 0x00000000c5100000, 0x00000000c5100000| Untracked 
|  54|0x00000000c5200000, 0x00000000c5200000, 0x00000000c5300000|  0%| F|  |TAMS 0x00000000c5200000, 0x00000000c5200000| Untracked 
|  55|0x00000000c5300000, 0x00000000c5300000, 0x00000000c5400000|  0%| F|  |TAMS 0x00000000c5300000, 0x00000000c5300000| Untracked 
|  56|0x00000000c5400000, 0x00000000c5492630, 0x00000000c5500000| 57%| S|CS|TAMS 0x00000000c5400000, 0x00000000c5400000| Complete 
|  57|0x00000000c5500000, 0x00000000c5600000, 0x00000000c5600000|100%| S|CS|TAMS 0x00000000c5500000, 0x00000000c5500000| Complete 
|  58|0x00000000c5600000, 0x00000000c5600000, 0x00000000c5700000|  0%| F|  |TAMS 0x00000000c5600000, 0x00000000c5600000| Untracked 
|  59|0x00000000c5700000, 0x00000000c5700000, 0x00000000c5800000|  0%| F|  |TAMS 0x00000000c5700000, 0x00000000c5700000| Untracked 
|  60|0x00000000c5800000, 0x00000000c5800000, 0x00000000c5900000|  0%| F|  |TAMS 0x00000000c5800000, 0x00000000c5800000| Untracked 
|  61|0x00000000c5900000, 0x00000000c5900000, 0x00000000c5a00000|  0%| F|  |TAMS 0x00000000c5900000, 0x00000000c5900000| Untracked 
|  62|0x00000000c5a00000, 0x00000000c5a00000, 0x00000000c5b00000|  0%| F|  |TAMS 0x00000000c5a00000, 0x00000000c5a00000| Untracked 
|  63|0x00000000c5b00000, 0x00000000c5b00000, 0x00000000c5c00000|  0%| F|  |TAMS 0x00000000c5b00000, 0x00000000c5b00000| Untracked 

Card table byte_map: [0x000001f763410000,0x000001f763610000] _byte_map_base: 0x000001f762e02000

Marking Bits (Prev, Next): (CMBitMap*) 0x000001f75057c1d8, (CMBitMap*) 0x000001f75057c218
 Prev Bits: [0x000001f763810000, 0x000001f7647a0000)
 Next Bits: [0x000001f7647a0000, 0x000001f765730000)

Polling page: 0x000001f74e4c0000

Metaspace:

Usage:
  Non-class:     15.37 MB capacity,    15.13 MB ( 98%) used,   210.63 KB (  1%) free+waste,    40.25 KB ( <1%) overhead. 
      Class:      2.00 MB capacity,     1.87 MB ( 94%) used,   111.98 KB (  5%) free+waste,    20.06 KB ( <1%) overhead. 
       Both:     17.37 MB capacity,    17.00 MB ( 98%) used,   322.60 KB (  2%) free+waste,    60.31 KB ( <1%) overhead. 

Virtual space:
  Non-class space:       18.00 MB reserved,      15.50 MB ( 86%) committed 
      Class space:        1.00 GB reserved,       2.00 MB ( <1%) committed 
             Both:        1.02 GB reserved,      17.50 MB (  2%) committed 

Chunk freelists:
   Non-Class:  4.00 KB
       Class:  0 bytes
        Both:  4.00 KB

MaxMetaspaceSize: 17179869184.00 GB
CompressedClassSpaceSize: 1.00 GB

CodeHeap 'non-profiled nmethods': size=238912Kb used=2207Kb max_used=2207Kb free=236704Kb
 bounds [0x000001f7548c0000, 0x000001f754b30000, 0x000001f763210000]
CodeHeap 'non-nmethods': size=6848Kb used=1177Kb max_used=1177Kb free=5671Kb
 bounds [0x000001f754210000, 0x000001f754480000, 0x000001f7548c0000]
 total_blobs=2002 nmethods=1562 adapters=368
 compilation: enabled
              stopped_count=0, restarted_count=0
 full_count=0

Compilation events (20 events):
Event: 2.338 Thread 0x000001f767c44000 nmethod 1552 0x000001f754ae4390 code [0x000001f754ae4520, 0x000001f754ae4618]
Event: 2.338 Thread 0x000001f767c44000 1554       1       java.util.concurrent.locks.ReentrantLock$Sync::tryRelease (51 bytes)
Event: 2.339 Thread 0x000001f767c44000 nmethod 1554 0x000001f754ae4710 code [0x000001f754ae48c0, 0x000001f754ae4a88]
Event: 2.339 Thread 0x000001f767c44000 1553       1       org.springframework.util.ConcurrentReferenceHashMap::access$400 (5 bytes)
Event: 2.339 Thread 0x000001f767c44000 nmethod 1553 0x000001f754ae4b90 code [0x000001f754ae4d20, 0x000001f754ae4db8]
Event: 2.339 Thread 0x000001f767c44000 1555       1       sun.reflect.generics.reflectiveObjects.ParameterizedTypeImpl::getRawType (5 bytes)
Event: 2.340 Thread 0x000001f767c44000 nmethod 1555 0x000001f754ae4e90 code [0x000001f754ae5020, 0x000001f754ae50d8]
Event: 2.340 Thread 0x000001f767c44000 1556       1       java.util.concurrent.locks.ReentrantLock::unlock (10 bytes)
Event: 2.340 Thread 0x000001f767c44000 nmethod 1556 0x000001f754ae5190 code [0x000001f754ae5340, 0x000001f754ae5478]
Event: 2.351 Thread 0x000001f767c44000 1557       1       ch.qos.logback.classic.Logger::getName (5 bytes)
Event: 2.351 Thread 0x000001f767c44000 nmethod 1557 0x000001f754ae5590 code [0x000001f754ae5720, 0x000001f754ae57d8]
Event: 2.354 Thread 0x000001f767c44000 1558       1       java.lang.Class::getGenericInfo (52 bytes)
Event: 2.355 Thread 0x000001f767c44000 nmethod 1558 0x000001f754ae5890 code [0x000001f754ae5a60, 0x000001f754ae5fa8]
Event: 2.355 Thread 0x000001f767c44000 1561       1       org.springframework.core.ResolvableType::resolveType (151 bytes)
Event: 2.357 Thread 0x000001f767c44000 nmethod 1561 0x000001f754ae6210 code [0x000001f754ae64c0, 0x000001f754ae6fe8]
Event: 2.357 Thread 0x000001f767c44000 1559       1       org.springframework.core.ResolvableType::resolve (16 bytes)
Event: 2.357 Thread 0x000001f767c44000 nmethod 1559 0x000001f754ae7410 code [0x000001f754ae75a0, 0x000001f754ae7678]
Event: 2.357 Thread 0x000001f767c44000 1560       1       java.util.LinkedHashMap$LinkedKeyIterator::next (8 bytes)
Event: 2.357 Thread 0x000001f767c44000 nmethod 1560 0x000001f754ae7710 code [0x000001f754ae78a0, 0x000001f754ae7988]
Event: 2.358 Thread 0x000001f767c44000 1563       1       java.lang.invoke.DirectMethodHandle::shouldBeInitialized (127 bytes)

GC Heap History (8 events):
Event: 1.735 GC heap before
{Heap before GC invocations=0 (full 0):
 garbage-first heap   total 65536K, used 13312K [0x00000000c1c00000, 0x0000000100000000)
  region size 1024K, 13 young (13312K), 0 survivors (0K)
 Metaspace       used 12996K, capacity 13332K, committed 13568K, reserved 1060864K
  class space    used 1360K, capacity 1468K, committed 1536K, reserved 1048576K
}
Event: 1.746 GC heap after
{Heap after GC invocations=1 (full 0):
 garbage-first heap   total 65536K, used 4901K [0x00000000c1c00000, 0x0000000100000000)
  region size 1024K, 2 young (2048K), 2 survivors (2048K)
 Metaspace       used 12996K, capacity 13332K, committed 13568K, reserved 1060864K
  class space    used 1360K, capacity 1468K, committed 1536K, reserved 1048576K
}
Event: 1.951 GC heap before
{Heap before GC invocations=1 (full 0):
 garbage-first heap   total 65536K, used 13093K [0x00000000c1c00000, 0x0000000100000000)
  region size 1024K, 10 young (10240K), 2 survivors (2048K)
 Metaspace       used 14570K, capacity 14880K, committed 15104K, reserved 1062912K
  class space    used 1548K, capacity 1670K, committed 1792K, reserved 1048576K
}
Event: 1.956 GC heap after
{Heap after GC invocations=2 (full 0):
 garbage-first heap   total 65536K, used 5850K [0x00000000c1c00000, 0x0000000100000000)
  region size 1024K, 1 young (1024K), 1 survivors (1024K)
 Metaspace       used 14570K, capacity 14880K, committed 15104K, reserved 1062912K
  class space    used 1548K, capacity 1670K, committed 1792K, reserved 1048576K
}
Event: 2.261 GC heap before
{Heap before GC invocations=2 (full 0):
 garbage-first heap   total 65536K, used 27354K [0x00000000c1c00000, 0x0000000100000000)
  region size 1024K, 23 young (23552K), 1 survivors (1024K)
 Metaspace       used 16346K, capacity 16772K, committed 16896K, reserved 1064960K
  class space    used 1797K, capacity 1942K, committed 2048K, reserved 1048576K
}
Event: 2.264 GC heap after
{Heap after GC invocations=3 (full 0):
 garbage-first heap   total 65536K, used 6284K [0x00000000c1c00000, 0x0000000100000000)
  region size 1024K, 2 young (2048K), 2 survivors (2048K)
 Metaspace       used 16346K, capacity 16772K, committed 16896K, reserved 1064960K
  class space    used 1797K, capacity 1942K, committed 2048K, reserved 1048576K
}
Event: 2.359 GC heap before
{Heap before GC invocations=3 (full 0):
 garbage-first heap   total 65536K, used 11404K [0x00000000c1c00000, 0x0000000100000000)
  region size 1024K, 8 young (8192K), 2 survivors (2048K)
 Metaspace       used 17405K, capacity 17788K, committed 17920K, reserved 1067008K
  class space    used 1915K, capacity 2048K, committed 2048K, reserved 1048576K
}
Event: 2.362 GC heap after
{Heap after GC invocations=4 (full 0):
 garbage-first heap   total 65536K, used 6548K [0x00000000c1c00000, 0x0000000100000000)
  region size 1024K, 2 young (2048K), 2 survivors (2048K)
 Metaspace       used 17405K, capacity 17788K, committed 17920K, reserved 1067008K
  class space    used 1915K, capacity 2048K, committed 2048K, reserved 1048576K
}

Deoptimization events (0 events):
No events

Classes unloaded (0 events):
No events

Classes redefined (0 events):
No events

Internal exceptions (20 events):
Event: 1.852 Thread 0x000001f768cef800 Exception <a 'java/lang/ClassNotFoundException'{0x00000000c58dca60}: org/springframework/context/support/LiveBeansView> (0x00000000c58dca60) 
thrown [./open/src/hotspot/share/classfile/systemDictionary.cpp, line 226]
Event: 1.852 Thread 0x000001f768cef800 Exception <a 'java/lang/ClassNotFoundException'{0x00000000c58dce20}: org/springframework/context/support/LiveBeansView> (0x00000000c58dce20) 
thrown [./open/src/hotspot/share/classfile/systemDictionary.cpp, line 226]
Event: 1.852 Thread 0x000001f768cef800 Exception <a 'java/lang/ClassNotFoundException'{0x00000000c58dd1e0}: org/springframework/context/support/LiveBeansView> (0x00000000c58dd1e0) 
thrown [./open/src/hotspot/share/classfile/systemDictionary.cpp, line 226]
Event: 1.852 Thread 0x000001f768cef800 Exception <a 'java/lang/ClassNotFoundException'{0x00000000c58dd580}: org/springframework/context/support/LiveBeansView> (0x00000000c58dd580) 
thrown [./open/src/hotspot/share/classfile/systemDictionary.cpp, line 226]
Event: 1.852 Thread 0x000001f768cef800 Exception <a 'java/lang/ClassNotFoundException'{0x00000000c58dd938}: org/springframework/context/support/LiveBeansView> (0x00000000c58dd938) 
thrown [./open/src/hotspot/share/classfile/systemDictionary.cpp, line 226]
Event: 1.852 Thread 0x000001f768cef800 Exception <a 'java/lang/ClassNotFoundException'{0x00000000c58ddce0}: org/springframework/context/support/LiveBeansView> (0x00000000c58ddce0) 
thrown [./open/src/hotspot/share/classfile/systemDictionary.cpp, line 226]
Event: 1.856 Thread 0x000001f768cef800 Exception <a 'java/lang/ClassNotFoundException'{0x00000000c57169f8}: org/springframework/context/support/LiveBeansView> (0x00000000c57169f8) 
thrown [./open/src/hotspot/share/classfile/systemDictionary.cpp, line 226]
Event: 1.856 Thread 0x000001f768cef800 Exception <a 'java/lang/ClassNotFoundException'{0x00000000c5716dc0}: org/springframework/context/support/LiveBeansView> (0x00000000c5716dc0) 
thrown [./open/src/hotspot/share/classfile/systemDictionary.cpp, line 226]
Event: 1.856 Thread 0x000001f768cef800 Exception <a 'java/lang/ClassNotFoundException'{0x00000000c5717170}: org/springframework/context/support/LiveBeansView> (0x00000000c5717170) 
thrown [./open/src/hotspot/share/classfile/systemDictionary.cpp, line 226]
Event: 1.856 Thread 0x000001f768cef800 Exception <a 'java/lang/ClassNotFoundException'{0x00000000c5717520}: org/springframework/context/support/LiveBeansView> (0x00000000c5717520) 
thrown [./open/src/hotspot/share/classfile/systemDictionary.cpp, line 226]
Event: 1.877 Thread 0x000001f768cef800 Exception <a 'java/lang/reflect/InvocationTargetException'{0x00000000c57a04b8}> (0x00000000c57a04b8) 
thrown [./open/src/hotspot/share/runtime/reflection.cpp, line 1188]
Event: 1.881 Thread 0x000001f768cef800 Exception <a 'java/lang/NoSuchMethodError'{0x00000000c57c2f80}: static [Ljava/lang/StackTraceElement;.<clinit>()V> (0x00000000c57c2f80) 
thrown [./open/src/hotspot/share/prims/jni.cpp, line 1348]
Event: 1.883 Thread 0x000001f768e43000 Exception <a 'java/lang/reflect/InvocationTargetException'{0x00000000c575fbc0}> (0x00000000c575fbc0) 
thrown [./open/src/hotspot/share/runtime/reflection.cpp, line 1188]
Event: 1.978 Thread 0x000001f75054a000 Exception <a 'java/lang/NoSuchMethodError'{0x00000000c5a008a8}: 'java.lang.Object java.lang.invoke.DirectMethodHandle$Holder.invokeSpecialIFC(java.lang.Object, java.lang.Object, java.lang.Object, java.lang.Object)'> (0x00000000c5a008a8) 
thrown [./open/src/hotspot/share/interpreter/linkResolver.cpp, line 766]
Event: 1.999 Thread 0x000001f75054a000 Exception <a 'java/lang/NoSuchMethodError'{0x00000000c594c7d0}: 'int java.lang.invoke.DirectMethodHandle$Holder.invokeStaticInit(java.lang.Object, java.lang.Object)'> (0x00000000c594c7d0) 
thrown [./open/src/hotspot/share/interpreter/linkResolver.cpp, line 766]
Event: 2.065 Thread 0x000001f75054a000 Exception <a 'java/lang/NoSuchMethodError'{0x00000000c556cb50}: 'int java.lang.invoke.DirectMethodHandle$Holder.invokeStaticInit(java.lang.Object, java.lang.Object, java.lang.Object)'> (0x00000000c556cb50) 
thrown [./open/src/hotspot/share/interpreter/linkResolver.cpp, line 766]
Event: 2.075 Thread 0x000001f75054a000 Exception <a 'java/lang/NoSuchMethodError'{0x00000000c54214d0}: 'void java.lang.invoke.DirectMethodHandle$Holder.invokeSpecial(java.lang.Object, java.lang.Object)'> (0x00000000c54214d0) 
thrown [./open/src/hotspot/share/interpreter/linkResolver.cpp, line 766]
Event: 2.177 Thread 0x000001f768e57800 Exception <a 'java/lang/NoSuchMethodError'{0x00000000c4bd10e0}: 'org.slf4j.impl.StaticMDCBinder org.slf4j.impl.StaticMDCBinder.getSingleton()'> (0x00000000c4bd10e0) 
thrown [./open/src/hotspot/share/interpreter/linkResolver.cpp, line 766]
Event: 2.354 Thread 0x000001f768e58000 Exception <a 'java/lang/NoSuchMethodError'{0x00000000c5659c28}: 'void java.lang.invoke.DirectMethodHandle$Holder.invokeStatic(java.lang.Object, java.lang.Object, java.lang.Object, java.lang.Object)'> (0x00000000c5659c28) 
thrown [./open/src/hotspot/share/interpreter/linkResolver.cpp, line 766]
Event: 2.358 Thread 0x000001f768e58000 Exception <a 'java/lang/NoSuchMethodError'{0x00000000c5689878}: 'java.lang.Object java.lang.invoke.Invokers$Holder.invokeExact_MT(java.lang.Object, java.lang.Object, java.lang.Object, java.lang.Object, java.lang.Object, java.lang.Object)'> (0x00000000c5689878) 
thrown [./open/src/hotspot/share/interpreter/linkResolver.cpp, line 766]

Events (20 events):
Event: 2.333 loading class java/time/YearMonth
Event: 2.333 loading class java/time/YearMonth done
Event: 2.334 loading class java/time/MonthDay
Event: 2.334 loading class java/time/MonthDay done
Event: 2.338 loading class sun/reflect/generics/tree/CharSignature
Event: 2.338 loading class sun/reflect/generics/tree/CharSignature done
Event: 2.338 loading class sun/reflect/generics/tree/ArrayTypeSignature
Event: 2.338 loading class sun/reflect/generics/tree/ArrayTypeSignature done
Event: 2.349 loading class sun/reflect/generics/tree/ByteSignature
Event: 2.349 loading class sun/reflect/generics/tree/ByteSignature done
Event: 2.357 loading class java/util/function/ToIntFunction
Event: 2.357 loading class java/util/function/ToIntFunction done
Event: 2.357 Executing VM operation: HandshakeOneThread
Event: 2.357 Executing VM operation: HandshakeOneThread done
Event: 2.358 loading class java/util/Collections$ReverseComparator
Event: 2.358 loading class java/util/Collections$ReverseComparator done
Event: 2.358 loading class java/util/Comparators$NaturalOrderComparator
Event: 2.359 loading class java/util/Comparators$NaturalOrderComparator done
Event: 2.359 loading class java/util/Collections$ReverseComparator2
Event: 2.359 Executing VM operation: CollectForMetadataAllocation


Dynamic libraries:
0x00007ff733c10000 - 0x00007ff733c1d000 	C:\softwares\sts-4.8.0.RELEASE\plugins\org.eclipse.justj.openjdk.hotspot.jre.full.win32.x86_64_14.0.2.v20200815-0932\jre\bin\javaw.exe
0x00007ffae6c30000 - 0x00007ffae6e25000 	C:\WINDOWS\SYSTEM32\ntdll.dll
0x00007ffae4dd0000 - 0x00007ffae4e8e000 	C:\WINDOWS\System32\KERNEL32.DLL
0x00007ffae49c0000 - 0x00007ffae4c88000 	C:\WINDOWS\System32\KERNELBASE.dll
0x00007ffae4890000 - 0x00007ffae4990000 	C:\WINDOWS\System32\ucrtbase.dll
0x00007ffacf140000 - 0x00007ffacf158000 	C:\softwares\sts-4.8.0.RELEASE\plugins\org.eclipse.justj.openjdk.hotspot.jre.full.win32.x86_64_14.0.2.v20200815-0932\jre\bin\jli.dll
0x00007ffadde50000 - 0x00007ffadde65000 	C:\softwares\sts-4.8.0.RELEASE\plugins\org.eclipse.justj.openjdk.hotspot.jre.full.win32.x86_64_14.0.2.v20200815-0932\jre\bin\VCRUNTIME140.dll
0x00007ffae4e90000 - 0x00007ffae5030000 	C:\WINDOWS\System32\USER32.dll
0x00007ffae4860000 - 0x00007ffae4882000 	C:\WINDOWS\System32\win32u.dll
0x00007ffac01f0000 - 0x00007ffac048a000 	C:\WINDOWS\WinSxS\amd64_microsoft.windows.common-controls_6595b64144ccf1df_6.0.19041.1110_none_60b5254171f9507e\COMCTL32.dll
0x00007ffae5ee0000 - 0x00007ffae5f0b000 	C:\WINDOWS\System32\GDI32.dll
0x00007ffae5a60000 - 0x00007ffae5afe000 	C:\WINDOWS\System32\msvcrt.dll
0x00007ffae4520000 - 0x00007ffae462b000 	C:\WINDOWS\System32\gdi32full.dll
0x00007ffae47c0000 - 0x00007ffae485d000 	C:\WINDOWS\System32\msvcp_win.dll
0x00007ffae5bc0000 - 0x00007ffae5bf0000 	C:\WINDOWS\System32\IMM32.DLL
0x00007ffacb5f0000 - 0x00007ffacb68b000 	C:\softwares\sts-4.8.0.RELEASE\plugins\org.eclipse.justj.openjdk.hotspot.jre.full.win32.x86_64_14.0.2.v20200815-0932\jre\bin\msvcp140.dll
0x00007ffa861c0000 - 0x00007ffa86cde000 	C:\softwares\sts-4.8.0.RELEASE\plugins\org.eclipse.justj.openjdk.hotspot.jre.full.win32.x86_64_14.0.2.v20200815-0932\jre\bin\server\jvm.dll
0x00007ffae5b10000 - 0x00007ffae5bbe000 	C:\WINDOWS\System32\ADVAPI32.dll
0x00007ffae5d90000 - 0x00007ffae5e2c000 	C:\WINDOWS\System32\sechost.dll
0x00007ffae5030000 - 0x00007ffae5155000 	C:\WINDOWS\System32\RPCRT4.dll
0x00007ffae4c90000 - 0x00007ffae4c98000 	C:\WINDOWS\System32\PSAPI.DLL
0x00007ffadd240000 - 0x00007ffadd24a000 	C:\WINDOWS\SYSTEM32\VERSION.dll
0x00007ffad2ac0000 - 0x00007ffad2ae7000 	C:\WINDOWS\SYSTEM32\WINMM.dll
0x00007ffaccf50000 - 0x00007ffaccf59000 	C:\WINDOWS\SYSTEM32\WSOCK32.dll
0x00007ffae6270000 - 0x00007ffae62db000 	C:\WINDOWS\System32\WS2_32.dll
0x00007ffae2bb0000 - 0x00007ffae2bc2000 	C:\WINDOWS\SYSTEM32\kernel.appcore.dll
0x00007ffadb690000 - 0x00007ffadb69a000 	C:\softwares\sts-4.8.0.RELEASE\plugins\org.eclipse.justj.openjdk.hotspot.jre.full.win32.x86_64_14.0.2.v20200815-0932\jre\bin\jimage.dll
0x00007ffae1fd0000 - 0x00007ffae21b4000 	C:\WINDOWS\SYSTEM32\DBGHELP.DLL
0x00007ffacfcc0000 - 0x00007ffacfcec000 	C:\WINDOWS\SYSTEM32\dbgcore.DLL
0x00007ffae4630000 - 0x00007ffae46b2000 	C:\WINDOWS\System32\bcryptPrimitives.dll
0x00007ffac0030000 - 0x00007ffac0055000 	C:\softwares\sts-4.8.0.RELEASE\plugins\org.eclipse.justj.openjdk.hotspot.jre.full.win32.x86_64_14.0.2.v20200815-0932\jre\bin\java.dll
0x00007ffabfb90000 - 0x00007ffabfba6000 	C:\softwares\sts-4.8.0.RELEASE\plugins\org.eclipse.justj.openjdk.hotspot.jre.full.win32.x86_64_14.0.2.v20200815-0932\jre\bin\zip.dll
0x00007ffae6440000 - 0x00007ffae6b84000 	C:\WINDOWS\System32\SHELL32.dll
0x00007ffae2400000 - 0x00007ffae2b94000 	C:\WINDOWS\SYSTEM32\windows.storage.dll
0x00007ffae5f10000 - 0x00007ffae6264000 	C:\WINDOWS\System32\combase.dll
0x00007ffae3ce0000 - 0x00007ffae3d0c000 	C:\WINDOWS\SYSTEM32\Wldp.dll
0x00007ffae5e30000 - 0x00007ffae5edd000 	C:\WINDOWS\System32\SHCORE.dll
0x00007ffae5bf0000 - 0x00007ffae5c45000 	C:\WINDOWS\System32\shlwapi.dll
0x00007ffae4290000 - 0x00007ffae42af000 	C:\WINDOWS\SYSTEM32\profapi.dll
0x00007ffabf500000 - 0x00007ffabf519000 	C:\softwares\sts-4.8.0.RELEASE\plugins\org.eclipse.justj.openjdk.hotspot.jre.full.win32.x86_64_14.0.2.v20200815-0932\jre\bin\net.dll
0x00007ffadcad0000 - 0x00007ffadcbd9000 	C:\WINDOWS\SYSTEM32\WINHTTP.dll
0x00007ffae39f0000 - 0x00007ffae3a5a000 	C:\WINDOWS\system32\mswsock.dll
0x00007ffabf4e0000 - 0x00007ffabf4f2000 	C:\softwares\sts-4.8.0.RELEASE\plugins\org.eclipse.justj.openjdk.hotspot.jre.full.win32.x86_64_14.0.2.v20200815-0932\jre\bin\nio.dll
0x00007ffadd450000 - 0x00007ffadd459000 	C:\softwares\sts-4.8.0.RELEASE\plugins\org.eclipse.justj.openjdk.hotspot.jre.full.win32.x86_64_14.0.2.v20200815-0932\jre\bin\management.dll
0x00007ffadd440000 - 0x00007ffadd44b000 	C:\softwares\sts-4.8.0.RELEASE\plugins\org.eclipse.justj.openjdk.hotspot.jre.full.win32.x86_64_14.0.2.v20200815-0932\jre\bin\management_ext.dll
0x00007ffacc940000 - 0x00007ffacc957000 	C:\WINDOWS\system32\napinsp.dll
0x00007ffacc3b0000 - 0x00007ffacc3cb000 	C:\WINDOWS\system32\pnrpnsp.dll
0x00007ffadeaf0000 - 0x00007ffadeb05000 	C:\WINDOWS\system32\wshbth.dll
0x00007ffadf600000 - 0x00007ffadf61d000 	C:\WINDOWS\system32\NLAapi.dll
0x00007ffae36f0000 - 0x00007ffae372b000 	C:\WINDOWS\SYSTEM32\IPHLPAPI.DLL
0x00007ffae3740000 - 0x00007ffae380a000 	C:\WINDOWS\SYSTEM32\DNSAPI.dll
0x00007ffae57a0000 - 0x00007ffae57a8000 	C:\WINDOWS\System32\NSI.dll
0x00007ffacc370000 - 0x00007ffacc382000 	C:\WINDOWS\System32\winrnr.dll
0x00007ffad4240000 - 0x00007ffad424a000 	C:\Windows\System32\rasadhlp.dll
0x00007ffad4250000 - 0x00007ffad42cf000 	C:\WINDOWS\System32\fwpuclnt.dll
0x00007ffae4990000 - 0x00007ffae49b7000 	C:\WINDOWS\System32\bcrypt.dll
0x00007ffae3c10000 - 0x00007ffae3c28000 	C:\WINDOWS\SYSTEM32\CRYPTSP.dll
0x00007ffae3380000 - 0x00007ffae33b4000 	C:\WINDOWS\system32\rsaenh.dll
0x00007ffae4210000 - 0x00007ffae423e000 	C:\WINDOWS\SYSTEM32\USERENV.dll
0x00007ffae3c30000 - 0x00007ffae3c3c000 	C:\WINDOWS\SYSTEM32\CRYPTBASE.dll
0x00007ffadc930000 - 0x00007ffadc947000 	C:\WINDOWS\SYSTEM32\dhcpcsvc6.DLL
0x00007ffadc910000 - 0x00007ffadc92d000 	C:\WINDOWS\SYSTEM32\dhcpcsvc.DLL

dbghelp: loaded successfully - version: 4.0.5 - missing functions: none
symbol engine: initialized successfully - sym options: 0x614 - pdb path: .;C:\softwares\sts-4.8.0.RELEASE\plugins\org.eclipse.justj.openjdk.hotspot.jre.full.win32.x86_64_14.0.2.v20200815-0932\jre\bin;C:\WINDOWS\SYSTEM32;C:\WINDOWS\WinSxS\amd64_microsoft.windows.common-controls_6595b64144ccf1df_6.0.19041.1110_none_60b5254171f9507e;C:\softwares\sts-4.8.0.RELEASE\plugins\org.eclipse.justj.openjdk.hotspot.jre.full.win32.x86_64_14.0.2.v20200815-0932\jre\bin\server

VM Arguments:
jvm_args: -Dcom.sun.management.jmxremote -Dcom.sun.management.jmxremote.port=61100 -Dcom.sun.management.jmxremote.authenticate=false -Dcom.sun.management.jmxremote.ssl=false -Djava.rmi.server.hostname=localhost -Dspring.jmx.enabled=true -Dspring.application.admin.enabled=true -Xverify:none -XX:TieredStopAtLevel=1 -Dspring.boot.project.name=MS06-Admin-Server -Dfile.encoding=UTF-8 -XX:+ShowCodeDetailsInExceptionMessages 
java_command: com.swamy.Ms06AdminServerApplication --spring.output.ansi.enabled=always
java_class_path (initial): F:\Workspaces-STS\Microservices-Test\MS06-Admin-Server\target\classes;C:\Users\LENOVO PC\.m2\repository\de\codecentric\spring-boot-admin-starter-server\2.6.5\spring-boot-admin-starter-server-2.6.5.jar;C:\Users\LENOVO PC\.m2\repository\de\codecentric\spring-boot-admin-server\2.6.5\spring-boot-admin-server-2.6.5.jar;C:\Users\LENOVO PC\.m2\repository\org\springframework\boot\spring-boot-starter-webflux\2.6.7\spring-boot-starter-webflux-2.6.7.jar;C:\Users\LENOVO PC\.m2\repository\org\springframework\boot\spring-boot-starter-json\2.6.7\spring-boot-starter-json-2.6.7.jar;C:\Users\LENOVO PC\.m2\repository\com\fasterxml\jackson\core\jackson-databind\2.13.2.1\jackson-databind-2.13.2.1.jar;C:\Users\LENOVO PC\.m2\repository\com\fasterxml\jackson\core\jackson-annotations\2.13.2\jackson-annotations-2.13.2.jar;C:\Users\LENOVO PC\.m2\repository\com\fasterxml\jackson\core\jackson-core\2.13.2\jackson-core-2.13.2.jar;C:\Users\LENOVO PC\.m2\repository\com\fasterxml\jackson\datatype\jackson-datatype-jdk8\2.13.2\jackson-datatype-jdk8-2.13.2.jar;C:\Users\LENOVO PC\.m2\repository\com\fasterxml\jackson\datatype\jackson-datatype-jsr310\2.13.2\jackson-datatype-jsr310-2.13.2.jar;C:\Users\LENOVO PC\.m2\repository\com\fasterxml\jackson\module\jackson-module-parameter-names\2.13.2\jackson-module-parameter-names-2.13.2.jar;C:\Users\LENOVO PC\.m2\repository\org\springframework\boot\spring-boot-starter-reactor-netty\2.6.7\spring-boot-starter-reactor-netty-2.6.7.jar;C:\Users\LENOVO PC\.m2\repository\io\projectreactor\netty\reactor-netty-http\1.0.18\reactor-netty-http-1.0.18.jar;C:\Users\LENOVO PC\.m2\repository\io\netty\netty-codec-http\4.1.76.Final\netty-codec-http-4.1.76.Final.jar;C:\Users\LENOVO PC\.m2\repository\io\netty\netty-common\4.1.76.Final\netty-common-4.1.76.Final.jar;C:\Users\LENOVO PC\.m2\repository\io\netty\netty-buffer\4.1.76.Final\netty-buffer-4.1.76.Final.jar;C:\Users\LENOVO PC\.m2\repository\io\netty\netty-transport\4.1.76.Final\netty-transport-4.1.76.
Launcher Type: SUN_STANDARD

[Global flags]
     intx CICompilerCount                          = 3                                         {product} {ergonomic}
     uint ConcGCThreads                            = 1                                         {product} {ergonomic}
     uint G1ConcRefinementThreads                  = 4                                         {product} {ergonomic}
   size_t G1HeapRegionSize                         = 1048576                                   {product} {ergonomic}
    uintx GCDrainStackTargetSize                   = 64                                        {product} {ergonomic}
   size_t InitialHeapSize                          = 67108864                                  {product} {ergonomic}
     bool ManagementServer                         = true                                      {product} {command line}
   size_t MarkStackSize                            = 4194304                                   {product} {ergonomic}
   size_t MaxHeapSize                              = 1044381696                                {product} {ergonomic}
   size_t MaxNewSize                               = 625999872                                 {product} {ergonomic}
   size_t MinHeapDeltaBytes                        = 1048576                                   {product} {ergonomic}
   size_t MinHeapSize                              = 8388608                                   {product} {ergonomic}
    uintx NonNMethodCodeHeapSize                   = 6973028                                {pd product} {ergonomic}
    uintx NonProfiledCodeHeapSize                  = 244685212                              {pd product} {ergonomic}
    uintx ProfiledCodeHeapSize                     = 0                                      {pd product} {ergonomic}
    uintx ReservedCodeCacheSize                    = 251658240                              {pd product} {ergonomic}
     bool SegmentedCodeCache                       = true                                      {product} {ergonomic}
     bool ShowCodeDetailsInExceptionMessages       = true                                   {manageable} {command line}
   size_t SoftMaxHeapSize                          = 1044381696                             {manageable} {ergonomic}
     intx TieredStopAtLevel                        = 1                                         {product} {command line}
     bool UseCompressedClassPointers               = true                                 {lp64_product} {ergonomic}
     bool UseCompressedOops                        = true                                 {lp64_product} {ergonomic}
     bool UseG1GC                                  = true                                      {product} {ergonomic}
     bool UseLargePagesIndividualAllocation        = false                                  {pd product} {ergonomic}

Logging:
Log output configuration:
 #0: stdout all=warning uptime,level,tags
 #1: stderr all=off uptime,level,tags

Environment Variables:
JAVA_HOME=C:\Program Files\Java\jdk1.8.0_202
PATH=C:/softwares/sts-4.8.0.RELEASE//plugins/org.eclipse.justj.openjdk.hotspot.jre.full.win32.x86_64_14.0.2.v20200815-0932/jre/bin/server;C:/softwares/sts-4.8.0.RELEASE//plugins/org.eclipse.justj.openjdk.hotspot.jre.full.win32.x86_64_14.0.2.v20200815-0932/jre/bin;C:\Program Files\Java\jdk1.8.0_202\bin;C:\Program Files\Java\jre1.8.0_202\bin;C:\Program Files (x86)\Common Files\Oracle\Java\javapath;C:\softwares\Oracle11g\OracleDB\product\11.2.0\dbhome_1\bin;C:\Program Files\Common Files\Oracle\Java\javapath;C:\WINDOWS\system32;C:\WINDOWS;C:\WINDOWS\System32\Wbem;C:\WINDOWS\System32\WindowsPowerShell\v1.0\;C:\WINDOWS\System32\OpenSSH\;C:\Program Files\nodejs;C:\Users\LENOVO PC\AppData\Roaming\npm;C:\Program Files\MongoDB\Server\4.0\bin;C:\Program Files\apache-maven-3.8.3\bin;C:\Program Files\MySQL\MySQL Server 8.0\bin;C:\Program Files\nodejs\;C:\Users\LENOVO PC\AppData\Roaming\npm;C:\Program Files\PuTTY\;C:\softwares\apache-zookeeper-3.8.0\bin;C:\Users\LENOVO PC\AppData\Roaming\npm;C:\Users\LENOVO PC\AppData\Roaming\npm\node_modules\npm\bin;C:\Program Files\Git\cmd;C:\Program Files\Docker\Docker\resources\bin;C:\ProgramData\DockerDesktop\version-bin;C:\Program Files\MySQL\MySQL Shell 8.0\bin\;C:\Users\LENOVO PC\AppData\Local\Microsoft\WindowsApps;;C:\Users\LENOVO PC\AppData\Local\Programs\Microsoft VS Code\bin;C:\Users\LENOVO PC\AppData\Roaming\npm;C:\Program Files\Heroku\bin;C:\softwares\sts-4.8.0.RELEASE;
USERNAME=LENOVO PC
OS=Windows_NT
PROCESSOR_IDENTIFIER=Intel64 Family 6 Model 142 Stepping 11, GenuineIntel



---------------  S Y S T E M  ---------------

OS: Windows 10 , 64 bit Build 19041 (10.0.19041.1566)
OS uptime: 4 days 3:35 hours
HyperV virtualization detected

CPU:total 4 (initial active 4) (2 cores per cpu, 2 threads per core) family 6 model 142 stepping 11, cmov, cx8, fxsr, mmx, sse, sse2, sse3, ssse3, sse4.1, sse4.2, popcnt, avx, avx2, aes, clmul, erms, 3dnowpref, lzcnt, ht, tsc, tscinvbit, bmi1, bmi2, adx, fma

Memory: 4k page, system-wide physical 3976M (246M free)
TotalPageFile size 16264M (AvailPageFile size 5M)
current process WorkingSet (physical memory assigned to process): 87M, peak: 87M
current process commit charge ("private bytes"): 151M, peak: 152M

vm_info: OpenJDK 64-Bit Server VM (14.0.2+12-46) for windows-amd64 JRE (14.0.2+12-46), built on Jul  9 2020 00:31:16 by "mach5one" with MS VC++ 15.9 (VS2017)

END.
