#
# There is insufficient memory for the Java Runtime Environment to continue.
# Native memory allocation (malloc) failed to allocate 1048576 bytes for AllocateHeap
# Possible reasons:
#   The system is out of physical RAM or swap space
#   The process is running with CompressedOops enabled, and the Java Heap may be blocking the growth of the native heap
# Possible solutions:
#   Reduce memory load on the system
#   Increase physical memory or swap space
#   Check if swap backing store is full
#   Decrease Java heap size (-Xmx/-Xms)
#   Decrease number of Java threads
#   Decrease Java thread stack sizes (-Xss)
#   Set larger code cache with -XX:ReservedCodeCacheSize=
#   JVM is running with Unscaled Compressed Oops mode in which the Java heap is
#     placed in the first 4GB address space. The Java Heap base address is the
#     maximum limit for the native heap growth. Please use -XX:HeapBaseMinAddress
#     to set the Java Heap base and to place the Java Heap above 4GB virtual address.
# This output file may be truncated or incomplete.
#
#  Out of Memory Error (./open/src/hotspot/share/memory/allocation.cpp:44), pid=8408, tid=948
#
# JRE version: OpenJDK Runtime Environment (14.0.2+12) (build 14.0.2+12-46)
# Java VM: OpenJDK 64-Bit Server VM (14.0.2+12-46, mixed mode, tiered, compressed oops, g1 gc, windows-amd64)
# No core dump will be written. Minidumps are not enabled by default on client versions of Windows
#

---------------  S U M M A R Y ------------

Command Line: -Dcom.sun.management.jmxremote -Dcom.sun.management.jmxremote.port=60751 -Dcom.sun.management.jmxremote.authenticate=false -Dcom.sun.management.jmxremote.ssl=false -Djava.rmi.server.hostname=localhost -Dspring.jmx.enabled=true -Dspring.application.admin.enabled=true -Xverify:none -XX:TieredStopAtLevel=1 -Dspring.boot.project.name=MS04-ApiGateway -Dfile.encoding=UTF-8 -XX:+ShowCodeDetailsInExceptionMessages com.swamy.Application --spring.output.ansi.enabled=always

Host: Intel(R) Core(TM) i3-8145U CPU @ 2.10GHz, 4 cores, 3G,  Windows 10 , 64 bit Build 19041 (10.0.19041.1566)
Time: Fri May  6 12:35:44 2022 India Standard Time elapsed time: 8 seconds (0d 0h 0m 8s)

---------------  T H R E A D  ---------------

Current thread (0x000001a7dcd59000):  VMThread "VM Thread" [stack: 0x000000958d500000,0x000000958d600000] [id=948]

Stack: [0x000000958d500000,0x000000958d600000]
[error occurred during error reporting (printing stack bounds), id 0xc0000005, EXCEPTION_ACCESS_VIOLATION (0xc0000005) at pc=0x000001a7c93710ad]

Native frames: (J=compiled Java code, j=interpreted, Vv=VM code, C=native code)
V  [jvm.dll+0x5f8a9a]
V  [jvm.dll+0x74247a]
V  [jvm.dll+0x743c2f]
V  [jvm.dll+0x7441d5]
V  [jvm.dll+0x74418b]
V  [jvm.dll+0x5f7f6f]
V  [jvm.dll+0x5f8738]
C  [ntdll.dll+0xa20cf]
C  [ntdll.dll+0x51454]
C  [ntdll.dll+0xa0bfe]
C  0x000001a7c93710ad

VM_Operation (0x000000958ebf7e70): CollectForMetadataAllocation, mode: safepoint, requested by thread 0x000001a7dee93000


---------------  P R O C E S S  ---------------

Threads class SMR info:
_java_thread_list=0x000001a7de0f1360, length=25, elements={
0x000001a7c56b0800, 0x000001a7dcd6e800, 0x000001a7dcd6f000, 0x000001a7dcd98800,
0x000001a7dcd9c000, 0x000001a7dcd9f000, 0x000001a7dcdb1000, 0x000001a7dcdb3000,
0x000001a7c5775000, 0x000001a7dd87d000, 0x000001a7ddf87800, 0x000001a7ddf88800,
0x000001a7ddfb8000, 0x000001a7ded7d000, 0x000001a7deddc000, 0x000001a7dee12000,
0x000001a7dee62000, 0x000001a7dee92800, 0x000001a7dee90000, 0x000001a7dee93000,
0x000001a7dee95800, 0x000001a7dee91800, 0x000001a7dee96800, 0x000001a7dee95000,
0x000001a7dee94000
}

Java Threads: ( => current thread )
  0x000001a7c56b0800 JavaThread "main" [_thread_blocked, id=14800, stack(0x000000958cf00000,0x000000958d000000)]
  0x000001a7dcd6e800 JavaThread "Reference Handler" daemon [_thread_blocked, id=2060, stack(0x000000958d600000,0x000000958d700000)]
  0x000001a7dcd6f000 JavaThread "Finalizer" daemon [_thread_blocked, id=12092, stack(0x000000958d700000,0x000000958d800000)]
  0x000001a7dcd98800 JavaThread "Signal Dispatcher" daemon [_thread_blocked, id=11988, stack(0x000000958d800000,0x000000958d900000)]
  0x000001a7dcd9c000 JavaThread "Attach Listener" daemon [_thread_blocked, id=10228, stack(0x000000958d900000,0x000000958da00000)]
  0x000001a7dcd9f000 JavaThread "Service Thread" daemon [_thread_blocked, id=14760, stack(0x000000958da00000,0x000000958db00000)]
  0x000001a7dcdb1000 JavaThread "C1 CompilerThread0" daemon [_thread_blocked, id=12764, stack(0x000000958db00000,0x000000958dc00000)]
  0x000001a7dcdb3000 JavaThread "Sweeper thread" daemon [_thread_blocked, id=9112, stack(0x000000958dc00000,0x000000958dd00000)]
  0x000001a7c5775000 JavaThread "Common-Cleaner" daemon [_thread_blocked, id=10964, stack(0x000000958dd00000,0x000000958de00000)]
  0x000001a7dd87d000 JavaThread "Notification Thread" daemon [_thread_blocked, id=7280, stack(0x000000958de00000,0x000000958df00000)]
  0x000001a7ddf87800 JavaThread "RMI TCP Accept-0" daemon [_thread_in_native, id=4632, stack(0x000000958e000000,0x000000958e100000)]
  0x000001a7ddf88800 JavaThread "RMI TCP Accept-0" daemon [_thread_in_native, id=11820, stack(0x000000958e100000,0x000000958e200000)]
  0x000001a7ddfb8000 JavaThread "RMI TCP Accept-60751" daemon [_thread_in_native, id=11088, stack(0x000000958e200000,0x000000958e300000)]
  0x000001a7ded7d000 JavaThread "RMI TCP Connection(1)-127.0.0.1" daemon [_thread_in_native, id=7632, stack(0x000000958e400000,0x000000958e500000)]
  0x000001a7deddc000 JavaThread "RMI TCP Connection(2)-127.0.0.1" daemon [_thread_in_native, id=11644, stack(0x000000958e500000,0x000000958e600000)]
  0x000001a7dee12000 JavaThread "RMI Scheduler(0)" daemon [_thread_blocked, id=5152, stack(0x000000958e600000,0x000000958e700000)]
  0x000001a7dee62000 JavaThread "RMI TCP Connection(3)-127.0.0.1" daemon [_thread_in_native, id=9908, stack(0x000000958e800000,0x000000958e900000)]
  0x000001a7dee92800 JavaThread "JMX server connection timeout 22" daemon [_thread_blocked, id=6928, stack(0x000000958e900000,0x000000958ea00000)]
  0x000001a7dee90000 JavaThread "Thread-0" [_thread_blocked, id=9628, stack(0x000000958ea00000,0x000000958eb00000)]
  0x000001a7dee93000 JavaThread "restartedMain" [_thread_blocked, id=14324, stack(0x000000958eb00000,0x000000958ec00000)]
  0x000001a7dee95800 JavaThread "boundedElastic-evictor-1" daemon [_thread_blocked, id=11064, stack(0x000000958ee00000,0x000000958ef00000)]
  0x000001a7dee91800 JavaThread "spring.cloud.inetutils" daemon [_thread_blocked, id=14464, stack(0x000000958ef00000,0x000000958f000000)]
  0x000001a7dee96800 JavaThread "JMX server connection timeout 32" daemon [_thread_blocked, id=8204, stack(0x000000958e700000,0x000000958e800000)]
  0x000001a7dee95000 JavaThread "File Watcher" daemon [_thread_blocked, id=4784, stack(0x000000958f000000,0x000000958f100000)]
  0x000001a7dee94000 JavaThread "AsyncResolver-bootstrap-0" daemon [_thread_blocked, id=6136, stack(0x000000958f100000,0x000000958f200000)]

Other Threads:
=>0x000001a7dcd59000 VMThread "VM Thread" [stack: 0x000000958d500000,0x000000958d600000] [id=948]
  0x000001a7ddfd6800 WatcherThread [stack: 0x000000958e300000,0x000000958e400000] [id=11032]
  0x000001a7c56e1800 GCTaskThread "GC Thread#0" [stack: 0x000000958d000000,0x000000958d100000] [id=10708]
  0x000001a7dda34800 GCTaskThread "GC Thread#1" [stack: 0x000000958df00000,0x000000958e000000] [id=9468]
  0x000001a7df024800 GCTaskThread "GC Thread#2" [stack: 0x000000958ec00000,0x000000958ed00000] [id=13248]
  0x000001a7ddabd800 GCTaskThread "GC Thread#3" [stack: 0x000000958ed00000,0x000000958ee00000] [id=8956]
  0x000001a7c56eb800 ConcurrentGCThread "G1 Main Marker" [stack: 0x000000958d100000,0x000000958d200000] [id=7736]
  0x000001a7c56ec800 ConcurrentGCThread "G1 Conc#0" [stack: 0x000000958d200000,0x000000958d300000] [id=6072]
  0x000001a7c5746800 ConcurrentGCThread "G1 Refine#0" [stack: 0x000000958d300000,0x000000958d400000] [id=7420]
  0x000001a7c5749800 ConcurrentGCThread "G1 Young RemSet Sampling" [stack: 0x000000958d400000,0x000000958d500000] [id=3828]

Threads with active compile tasks:

VM state:at safepoint (normal execution)

VM Mutex/Monitor currently owned by a thread:  ([mutex/lock_event])
[0x000001a7c56abbf0] Threads_lock - owner thread: 0x000001a7dcd59000
[0x000001a7c56aad50] Heap_lock - owner thread: 0x000001a7dee93000

Heap address: 0x00000000c1c00000, size: 996 MB, Compressed Oops mode: 32-bit
Narrow klass base: 0x0000000000000000, Narrow klass shift: 3
Compressed class space size: 1073741824 Address: 0x0000000100000000

Heap:
 garbage-first heap   total 71680K, used 26699K [0x00000000c1c00000, 0x0000000100000000)
  region size 1024K, 1 young (1024K), 1 survivors (1024K)
 Metaspace       used 48379K, capacity 50104K, committed 50128K, reserved 1103872K
  class space    used 6388K, capacity 7038K, committed 7040K, reserved 1048576K
Heap Regions: E=young(eden), S=young(survivor), O=old, HS=humongous(starts), HC=humongous(continues), CS=collection set, F=free, OA=open archive, CA=closed archive, TAMS=top-at-mark-start (previous, next)
|   0|0x00000000c1c00000, 0x00000000c1d00000, 0x00000000c1d00000|100%| O|  |TAMS 0x00000000c1d00000, 0x00000000c1d00000| Untracked 
|   1|0x00000000c1d00000, 0x00000000c1e00000, 0x00000000c1e00000|100%| O|  |TAMS 0x00000000c1e00000, 0x00000000c1e00000| Untracked 
|   2|0x00000000c1e00000, 0x00000000c1f00000, 0x00000000c1f00000|100%| O|  |TAMS 0x00000000c1f00000, 0x00000000c1f00000| Untracked 
|   3|0x00000000c1f00000, 0x00000000c2000000, 0x00000000c2000000|100%| O|  |TAMS 0x00000000c2000000, 0x00000000c2000000| Untracked 
|   4|0x00000000c2000000, 0x00000000c2100000, 0x00000000c2100000|100%| O|  |TAMS 0x00000000c2100000, 0x00000000c2100000| Untracked 
|   5|0x00000000c2100000, 0x00000000c2200000, 0x00000000c2200000|100%| O|  |TAMS 0x00000000c2200000, 0x00000000c2200000| Untracked 
|   6|0x00000000c2200000, 0x00000000c2300000, 0x00000000c2300000|100%| O|  |TAMS 0x00000000c2300000, 0x00000000c2300000| Untracked 
|   7|0x00000000c2300000, 0x00000000c2400000, 0x00000000c2400000|100%| O|  |TAMS 0x00000000c2400000, 0x00000000c2400000| Untracked 
|   8|0x00000000c2400000, 0x00000000c2409000, 0x00000000c2500000|  3%| O|  |TAMS 0x00000000c2409000, 0x00000000c2409000| Untracked 
|   9|0x00000000c2500000, 0x00000000c2600000, 0x00000000c2600000|100%| O|  |TAMS 0x00000000c2600000, 0x00000000c2600000| Untracked 
|  10|0x00000000c2600000, 0x00000000c2700000, 0x00000000c2700000|100%| O|  |TAMS 0x00000000c2700000, 0x00000000c2700000| Untracked 
|  11|0x00000000c2700000, 0x00000000c2800000, 0x00000000c2800000|100%| O|  |TAMS 0x00000000c2800000, 0x00000000c2800000| Untracked 
|  12|0x00000000c2800000, 0x00000000c2900000, 0x00000000c2900000|100%| O|  |TAMS 0x00000000c28dfa00, 0x00000000c2900000| Untracked 
|  13|0x00000000c2900000, 0x00000000c2a00000, 0x00000000c2a00000|100%| O|  |TAMS 0x00000000c2900000, 0x00000000c2a00000| Untracked 
|  14|0x00000000c2a00000, 0x00000000c2b00000, 0x00000000c2b00000|100%| O|  |TAMS 0x00000000c2a00000, 0x00000000c2b00000| Untracked 
|  15|0x00000000c2b00000, 0x00000000c2c00000, 0x00000000c2c00000|100%| O|  |TAMS 0x00000000c2b00000, 0x00000000c2c00000| Untracked 
|  16|0x00000000c2c00000, 0x00000000c2d00000, 0x00000000c2d00000|100%| O|  |TAMS 0x00000000c2c00000, 0x00000000c2d00000| Untracked 
|  17|0x00000000c2d00000, 0x00000000c2e00000, 0x00000000c2e00000|100%| O|  |TAMS 0x00000000c2d00000, 0x00000000c2e00000| Untracked 
|  18|0x00000000c2e00000, 0x00000000c2f00000, 0x00000000c2f00000|100%| O|  |TAMS 0x00000000c2e00000, 0x00000000c2f00000| Untracked 
|  19|0x00000000c2f00000, 0x00000000c3000000, 0x00000000c3000000|100%| O|  |TAMS 0x00000000c2f00000, 0x00000000c3000000| Untracked 
|  20|0x00000000c3000000, 0x00000000c3100000, 0x00000000c3100000|100%| O|  |TAMS 0x00000000c3000000, 0x00000000c3100000| Untracked 
|  21|0x00000000c3100000, 0x00000000c3200000, 0x00000000c3200000|100%| O|  |TAMS 0x00000000c3100000, 0x00000000c3135200| Untracked 
|  22|0x00000000c3200000, 0x00000000c3300000, 0x00000000c3300000|100%| O|  |TAMS 0x00000000c3200000, 0x00000000c3200000| Untracked 
|  23|0x00000000c3300000, 0x00000000c3400000, 0x00000000c3400000|100%| O|  |TAMS 0x00000000c3300000, 0x00000000c3300000| Untracked 
|  24|0x00000000c3400000, 0x00000000c3500000, 0x00000000c3500000|100%| O|  |TAMS 0x00000000c3400000, 0x00000000c3400000| Untracked 
|  25|0x00000000c3500000, 0x00000000c3600000, 0x00000000c3600000|100%| O|  |TAMS 0x00000000c3500000, 0x00000000c3500000| Untracked 
|  26|0x00000000c3600000, 0x00000000c3621c00, 0x00000000c3700000| 13%| O|  |TAMS 0x00000000c3600000, 0x00000000c3600000| Untracked 
|  27|0x00000000c3700000, 0x00000000c3700000, 0x00000000c3800000|  0%| F|  |TAMS 0x00000000c3700000, 0x00000000c3700000| Untracked 
|  28|0x00000000c3800000, 0x00000000c3800000, 0x00000000c3900000|  0%| F|  |TAMS 0x00000000c3800000, 0x00000000c3800000| Untracked 
|  29|0x00000000c3900000, 0x00000000c3900000, 0x00000000c3a00000|  0%| F|  |TAMS 0x00000000c3900000, 0x00000000c3900000| Untracked 
|  30|0x00000000c3a00000, 0x00000000c3a00000, 0x00000000c3b00000|  0%| F|  |TAMS 0x00000000c3a00000, 0x00000000c3a00000| Untracked 
|  31|0x00000000c3b00000, 0x00000000c3b00000, 0x00000000c3c00000|  0%| F|  |TAMS 0x00000000c3b00000, 0x00000000c3b00000| Untracked 
|  32|0x00000000c3c00000, 0x00000000c3c00000, 0x00000000c3d00000|  0%| F|  |TAMS 0x00000000c3c00000, 0x00000000c3c00000| Untracked 
|  33|0x00000000c3d00000, 0x00000000c3d00000, 0x00000000c3e00000|  0%| F|  |TAMS 0x00000000c3d00000, 0x00000000c3d00000| Untracked 
|  34|0x00000000c3e00000, 0x00000000c3e00000, 0x00000000c3f00000|  0%| F|  |TAMS 0x00000000c3e00000, 0x00000000c3e00000| Untracked 
|  35|0x00000000c3f00000, 0x00000000c3f00000, 0x00000000c4000000|  0%| F|  |TAMS 0x00000000c3f00000, 0x00000000c3f00000| Untracked 
|  36|0x00000000c4000000, 0x00000000c4000000, 0x00000000c4100000|  0%| F|  |TAMS 0x00000000c4000000, 0x00000000c4000000| Untracked 
|  37|0x00000000c4100000, 0x00000000c4100000, 0x00000000c4200000|  0%| F|  |TAMS 0x00000000c4100000, 0x00000000c4100000| Untracked 
|  38|0x00000000c4200000, 0x00000000c4200000, 0x00000000c4300000|  0%| F|  |TAMS 0x00000000c4200000, 0x00000000c4200000| Untracked 
|  39|0x00000000c4300000, 0x00000000c4300000, 0x00000000c4400000|  0%| F|  |TAMS 0x00000000c4300000, 0x00000000c4300000| Untracked 
|  40|0x00000000c4400000, 0x00000000c4400000, 0x00000000c4500000|  0%| F|  |TAMS 0x00000000c4400000, 0x00000000c4400000| Untracked 
|  41|0x00000000c4500000, 0x00000000c4500000, 0x00000000c4600000|  0%| F|  |TAMS 0x00000000c4500000, 0x00000000c4500000| Untracked 
|  42|0x00000000c4600000, 0x00000000c4600000, 0x00000000c4700000|  0%| F|  |TAMS 0x00000000c4600000, 0x00000000c4600000| Untracked 
|  43|0x00000000c4700000, 0x00000000c4700000, 0x00000000c4800000|  0%| F|  |TAMS 0x00000000c4700000, 0x00000000c4700000| Untracked 
|  44|0x00000000c4800000, 0x00000000c4800000, 0x00000000c4900000|  0%| F|  |TAMS 0x00000000c4800000, 0x00000000c4800000| Untracked 
|  45|0x00000000c4900000, 0x00000000c4900000, 0x00000000c4a00000|  0%| F|  |TAMS 0x00000000c4900000, 0x00000000c4900000| Untracked 
|  46|0x00000000c4a00000, 0x00000000c4a00000, 0x00000000c4b00000|  0%| F|  |TAMS 0x00000000c4a00000, 0x00000000c4a00000| Untracked 
|  47|0x00000000c4b00000, 0x00000000c4b00000, 0x00000000c4c00000|  0%| F|  |TAMS 0x00000000c4b00000, 0x00000000c4b00000| Untracked 
|  48|0x00000000c4c00000, 0x00000000c4c00000, 0x00000000c4d00000|  0%| F|  |TAMS 0x00000000c4c00000, 0x00000000c4c00000| Untracked 
|  49|0x00000000c4d00000, 0x00000000c4d00000, 0x00000000c4e00000|  0%| F|  |TAMS 0x00000000c4d00000, 0x00000000c4d00000| Untracked 
|  50|0x00000000c4e00000, 0x00000000c4e00000, 0x00000000c4f00000|  0%| F|  |TAMS 0x00000000c4e00000, 0x00000000c4e00000| Untracked 
|  51|0x00000000c4f00000, 0x00000000c4f00000, 0x00000000c5000000|  0%| F|  |TAMS 0x00000000c4f00000, 0x00000000c4f00000| Untracked 
|  52|0x00000000c5000000, 0x00000000c5000000, 0x00000000c5100000|  0%| F|  |TAMS 0x00000000c5000000, 0x00000000c5000000| Untracked 
|  53|0x00000000c5100000, 0x00000000c5100000, 0x00000000c5200000|  0%| F|  |TAMS 0x00000000c5100000, 0x00000000c5100000| Untracked 
|  54|0x00000000c5200000, 0x00000000c5200000, 0x00000000c5300000|  0%| F|  |TAMS 0x00000000c5200000, 0x00000000c5200000| Untracked 
|  55|0x00000000c5300000, 0x00000000c5300000, 0x00000000c5400000|  0%| F|  |TAMS 0x00000000c5300000, 0x00000000c5300000| Untracked 
|  56|0x00000000c5400000, 0x00000000c5400000, 0x00000000c5500000|  0%| F|  |TAMS 0x00000000c5400000, 0x00000000c5400000| Untracked 
|  57|0x00000000c5500000, 0x00000000c5500000, 0x00000000c5600000|  0%| F|  |TAMS 0x00000000c5500000, 0x00000000c5500000| Untracked 
|  58|0x00000000c5600000, 0x00000000c5600000, 0x00000000c5700000|  0%| F|  |TAMS 0x00000000c5600000, 0x00000000c5600000| Untracked 
|  59|0x00000000c5700000, 0x00000000c5700000, 0x00000000c5800000|  0%| F|  |TAMS 0x00000000c5700000, 0x00000000c5700000| Untracked 
|  60|0x00000000c5800000, 0x00000000c58e82e0, 0x00000000c5900000| 90%| S|CS|TAMS 0x00000000c5800000, 0x00000000c5800000| Complete 
|  61|0x00000000c5900000, 0x00000000c5900000, 0x00000000c5a00000|  0%| F|  |TAMS 0x00000000c5900000, 0x00000000c5900000| Untracked 
|  62|0x00000000c5a00000, 0x00000000c5a00000, 0x00000000c5b00000|  0%| F|  |TAMS 0x00000000c5a00000, 0x00000000c5a00000| Untracked 
|  63|0x00000000c5b00000, 0x00000000c5b00000, 0x00000000c5c00000|  0%| F|  |TAMS 0x00000000c5b00000, 0x00000000c5b00000| Untracked 
|  64|0x00000000c5c00000, 0x00000000c5c00000, 0x00000000c5d00000|  0%| F|  |TAMS 0x00000000c5c00000, 0x00000000c5c00000| Untracked 
|  65|0x00000000c5d00000, 0x00000000c5d00000, 0x00000000c5e00000|  0%| F|  |TAMS 0x00000000c5d00000, 0x00000000c5d00000| Untracked 
|  66|0x00000000c5e00000, 0x00000000c5e00000, 0x00000000c5f00000|  0%| F|  |TAMS 0x00000000c5e00000, 0x00000000c5e00000| Untracked 
|  67|0x00000000c5f00000, 0x00000000c5f00000, 0x00000000c6000000|  0%| F|  |TAMS 0x00000000c5f00000, 0x00000000c5f00000| Untracked 
|  68|0x00000000c6000000, 0x00000000c6000000, 0x00000000c6100000|  0%| F|  |TAMS 0x00000000c6000000, 0x00000000c6000000| Untracked 
|  69|0x00000000c6100000, 0x00000000c6100000, 0x00000000c6200000|  0%| F|  |TAMS 0x00000000c6100000, 0x00000000c6100000| Untracked 

Card table byte_map: [0x000001a7d8570000,0x000001a7d8770000] _byte_map_base: 0x000001a7d7f62000

Marking Bits (Prev, Next): (CMBitMap*) 0x000001a7c56e2358, (CMBitMap*) 0x000001a7c56e2398
 Prev Bits: [0x000001a7d8970000, 0x000001a7d9900000)
 Next Bits: [0x000001a7d9900000, 0x000001a7da890000)

Polling page: 0x000001a7c3630000

Metaspace:

Usage:
  Non-class:     42.06 MB capacity,    41.01 MB ( 98%) used,   886.91 KB (  2%) free+waste,   188.13 KB ( <1%) overhead. 
      Class:      6.87 MB capacity,     6.24 MB ( 91%) used,   554.40 KB (  8%) free+waste,    95.19 KB (  1%) overhead. 
       Both:     48.93 MB capacity,    47.25 MB ( 97%) used,     1.41 MB (  3%) free+waste,   283.31 KB ( <1%) overhead. 

Virtual space:
  Non-class space:       54.00 MB reserved,      42.08 MB ( 78%) committed 
      Class space:        1.00 GB reserved,       6.88 MB ( <1%) committed 
             Both:        1.05 GB reserved,      48.95 MB (  5%) committed 

Chunk freelists:
   Non-Class:  22.00 KB
       Class:  2.00 KB
        Both:  24.00 KB

MaxMetaspaceSize: 17179869184.00 GB
CompressedClassSpaceSize: 1.00 GB

CodeHeap 'non-profiled nmethods': size=238912Kb used=8298Kb max_used=8298Kb free=230613Kb
 bounds [0x000001a7c9a20000, 0x000001a7ca240000, 0x000001a7d8370000]
CodeHeap 'non-nmethods': size=6848Kb used=1264Kb max_used=1264Kb free=5583Kb
 bounds [0x000001a7c9370000, 0x000001a7c95e0000, 0x000001a7c9a20000]
 total_blobs=5720 nmethods=5172 adapters=475
 compilation: enabled
              stopped_count=0, restarted_count=0
 full_count=0

Compilation events (20 events):
Event: 8.006 Thread 0x000001a7dcdb1000 5162       1       sun.nio.ch.Util::offerFirstTemporaryDirectBuffer (53 bytes)
Event: 8.006 Thread 0x000001a7dcdb1000 nmethod 5162 0x000001a7ca235e10 code [0x000001a7ca236000, 0x000001a7ca2362b8]
Event: 8.006 Thread 0x000001a7dcdb1000 5163       1       sun.nio.ch.Util::isBufferTooLarge (8 bytes)
Event: 8.006 Thread 0x000001a7dcdb1000 nmethod 5163 0x000001a7ca236510 code [0x000001a7ca2366a0, 0x000001a7ca236778]
Event: 8.006 Thread 0x000001a7dcdb1000 5164       1       sun.nio.ch.Util$BufferCache::offerFirst (73 bytes)
Event: 8.006 Thread 0x000001a7dcdb1000 nmethod 5164 0x000001a7ca236810 code [0x000001a7ca2369c0, 0x000001a7ca236bb8]
Event: 8.008 Thread 0x000001a7dcdb1000 5165       1       java.lang.StringLatin1$CharsSpliterator::tryAdvance (60 bytes)
Event: 8.008 Thread 0x000001a7dcdb1000 nmethod 5165 0x000001a7ca236d10 code [0x000001a7ca236ec0, 0x000001a7ca2370b8]
Event: 8.032 Thread 0x000001a7dcdb1000 5166       1       javax.management.openmbean.SimpleType::isValue (21 bytes)
Event: 8.032 Thread 0x000001a7dcdb1000 nmethod 5166 0x000001a7ca237190 code [0x000001a7ca237340, 0x000001a7ca237498]
Event: 8.054 Thread 0x000001a7dcdb1000 5167       1       sun.security.provider.SHA2::implCompress0 (322 bytes)
Event: 8.055 Thread 0x000001a7dcdb1000 nmethod 5167 0x000001a7ca237590 code [0x000001a7ca237760, 0x000001a7ca237d78]
Event: 8.083 Thread 0x000001a7dcdb1000 5168   !   1       java.util.regex.Pattern::RemoveQEQuoting (367 bytes)
Event: 8.084 Thread 0x000001a7dcdb1000 nmethod 5168 0x000001a7ca238190 code [0x000001a7ca2383e0, 0x000001a7ca238ec8]
Event: 8.084 Thread 0x000001a7dcdb1000 5169       1       java.util.regex.Pattern::expr (142 bytes)
Event: 8.084 Thread 0x000001a7dcdb1000 nmethod 5169 0x000001a7ca239510 code [0x000001a7ca239720, 0x000001a7ca239da8]
Event: 8.114 Thread 0x000001a7dcdb1000 5170       1       jdk.internal.loader.AbstractClassLoaderValue$Sub::key (5 bytes)
Event: 8.115 Thread 0x000001a7dcdb1000 nmethod 5170 0x000001a7ca23a510 code [0x000001a7ca23a6a0, 0x000001a7ca23a758]
Event: 8.115 Thread 0x000001a7dcdb1000 5172       1       java.lang.reflect.ProxyGenerator::getClassLoader (5 bytes)
Event: 8.115 Thread 0x000001a7dcdb1000 nmethod 5172 0x000001a7ca23a810 code [0x000001a7ca23a9a0, 0x000001a7ca23aa58]

GC Heap History (20 events):
Event: 3.978 GC heap before
{Heap before GC invocations=11 (full 0):
 garbage-first heap   total 49152K, used 38779K [0x00000000c1c00000, 0x0000000100000000)
  region size 1024K, 28 young (28672K), 3 survivors (3072K)
 Metaspace       used 30243K, capacity 31100K, committed 31152K, reserved 1077248K
  class space    used 3761K, capacity 4083K, committed 4096K, reserved 1048576K
}
Event: 3.981 GC heap after
{Heap after GC invocations=12 (full 0):
 garbage-first heap   total 49152K, used 13320K [0x00000000c1c00000, 0x0000000100000000)
  region size 1024K, 3 young (3072K), 3 survivors (3072K)
 Metaspace       used 30243K, capacity 31100K, committed 31152K, reserved 1077248K
  class space    used 3761K, capacity 4083K, committed 4096K, reserved 1048576K
}
Event: 4.246 GC heap before
{Heap before GC invocations=12 (full 0):
 garbage-first heap   total 49152K, used 37896K [0x00000000c1c00000, 0x0000000100000000)
  region size 1024K, 27 young (27648K), 3 survivors (3072K)
 Metaspace       used 31669K, capacity 32561K, committed 32688K, reserved 1077248K
  class space    used 3995K, capacity 4308K, committed 4352K, reserved 1048576K
}
Event: 4.251 GC heap after
{Heap after GC invocations=13 (full 0):
 garbage-first heap   total 49152K, used 14347K [0x00000000c1c00000, 0x0000000100000000)
  region size 1024K, 3 young (3072K), 3 survivors (3072K)
 Metaspace       used 31669K, capacity 32561K, committed 32688K, reserved 1077248K
  class space    used 3995K, capacity 4308K, committed 4352K, reserved 1048576K
}
Event: 4.523 GC heap before
{Heap before GC invocations=13 (full 0):
 garbage-first heap   total 49152K, used 38923K [0x00000000c1c00000, 0x0000000100000000)
  region size 1024K, 27 young (27648K), 3 survivors (3072K)
 Metaspace       used 32984K, capacity 33909K, committed 34224K, reserved 1079296K
  class space    used 4216K, capacity 4542K, committed 4608K, reserved 1048576K
}
Event: 4.531 GC heap after
{Heap after GC invocations=14 (full 0):
 garbage-first heap   total 59392K, used 15401K [0x00000000c1c00000, 0x0000000100000000)
  region size 1024K, 4 young (4096K), 4 survivors (4096K)
 Metaspace       used 32984K, capacity 33909K, committed 34224K, reserved 1079296K
  class space    used 4216K, capacity 4542K, committed 4608K, reserved 1048576K
}
Event: 5.180 GC heap before
{Heap before GC invocations=14 (full 0):
 garbage-first heap   total 59392K, used 36905K [0x00000000c1c00000, 0x0000000100000000)
  region size 1024K, 26 young (26624K), 4 survivors (4096K)
 Metaspace       used 34790K, capacity 35826K, committed 35920K, reserved 1081344K
  class space    used 4458K, capacity 4813K, committed 4864K, reserved 1048576K
}
Event: 5.186 GC heap after
{Heap after GC invocations=15 (full 0):
 garbage-first heap   total 59392K, used 16493K [0x00000000c1c00000, 0x0000000100000000)
  region size 1024K, 4 young (4096K), 4 survivors (4096K)
 Metaspace       used 34790K, capacity 35826K, committed 35920K, reserved 1081344K
  class space    used 4458K, capacity 4813K, committed 4864K, reserved 1048576K
}
Event: 5.727 GC heap before
{Heap before GC invocations=16 (full 0):
 garbage-first heap   total 59392K, used 46189K [0x00000000c1c00000, 0x0000000100000000)
  region size 1024K, 33 young (33792K), 4 survivors (4096K)
 Metaspace       used 37305K, capacity 38464K, committed 38608K, reserved 1083392K
  class space    used 4787K, capacity 5199K, committed 5248K, reserved 1048576K
}
Event: 5.733 GC heap after
{Heap after GC invocations=17 (full 0):
 garbage-first heap   total 59392K, used 18395K [0x00000000c1c00000, 0x0000000100000000)
  region size 1024K, 5 young (5120K), 5 survivors (5120K)
 Metaspace       used 37305K, capacity 38464K, committed 38608K, reserved 1083392K
  class space    used 4787K, capacity 5199K, committed 5248K, reserved 1048576K
}
Event: 6.063 GC heap before
{Heap before GC invocations=17 (full 0):
 garbage-first heap   total 59392K, used 46043K [0x00000000c1c00000, 0x0000000100000000)
  region size 1024K, 32 young (32768K), 5 survivors (5120K)
 Metaspace       used 39467K, capacity 40748K, committed 41040K, reserved 1085440K
  class space    used 5105K, capacity 5560K, committed 5632K, reserved 1048576K
}
Event: 6.069 GC heap after
{Heap after GC invocations=18 (full 0):
 garbage-first heap   total 59392K, used 19378K [0x00000000c1c00000, 0x0000000100000000)
  region size 1024K, 3 young (3072K), 3 survivors (3072K)
 Metaspace       used 39467K, capacity 40748K, committed 41040K, reserved 1085440K
  class space    used 5105K, capacity 5560K, committed 5632K, reserved 1048576K
}
Event: 6.388 GC heap before
{Heap before GC invocations=18 (full 0):
 garbage-first heap   total 59392K, used 48050K [0x00000000c1c00000, 0x0000000100000000)
  region size 1024K, 31 young (31744K), 3 survivors (3072K)
 Metaspace       used 41485K, capacity 42918K, committed 43216K, reserved 1087488K
  class space    used 5406K, capacity 5928K, committed 6016K, reserved 1048576K
}
Event: 6.394 GC heap after
{Heap after GC invocations=19 (full 0):
 garbage-first heap   total 71680K, used 21106K [0x00000000c1c00000, 0x0000000100000000)
  region size 1024K, 3 young (3072K), 3 survivors (3072K)
 Metaspace       used 41485K, capacity 42918K, committed 43216K, reserved 1087488K
  class space    used 5406K, capacity 5928K, committed 6016K, reserved 1048576K
}
Event: 7.465 GC heap before
{Heap before GC invocations=19 (full 0):
 garbage-first heap   total 71680K, used 57970K [0x00000000c1c00000, 0x0000000100000000)
  region size 1024K, 39 young (39936K), 3 survivors (3072K)
 Metaspace       used 43854K, capacity 45402K, committed 45648K, reserved 1089536K
  class space    used 5781K, capacity 6355K, committed 6400K, reserved 1048576K
}
Event: 7.472 GC heap after
{Heap after GC invocations=20 (full 0):
 garbage-first heap   total 71680K, used 22791K [0x00000000c1c00000, 0x0000000100000000)
  region size 1024K, 5 young (5120K), 5 survivors (5120K)
 Metaspace       used 43854K, capacity 45402K, committed 45648K, reserved 1089536K
  class space    used 5781K, capacity 6355K, committed 6400K, reserved 1048576K
}
Event: 8.022 GC heap before
{Heap before GC invocations=20 (full 0):
 garbage-first heap   total 71680K, used 56583K [0x00000000c1c00000, 0x0000000100000000)
  region size 1024K, 38 young (38912K), 5 survivors (5120K)
 Metaspace       used 47581K, capacity 49280K, committed 49488K, reserved 1091584K
  class space    used 6259K, capacity 6870K, committed 6912K, reserved 1048576K
}
Event: 8.031 GC heap after
{Heap after GC invocations=21 (full 0):
 garbage-first heap   total 71680K, used 25848K [0x00000000c1c00000, 0x0000000100000000)
  region size 1024K, 5 young (5120K), 5 survivors (5120K)
 Metaspace       used 47581K, capacity 49280K, committed 49488K, reserved 1091584K
  class space    used 6259K, capacity 6870K, committed 6912K, reserved 1048576K
}
Event: 8.128 GC heap before
{Heap before GC invocations=21 (full 0):
 garbage-first heap   total 71680K, used 34040K [0x00000000c1c00000, 0x0000000100000000)
  region size 1024K, 14 young (14336K), 5 survivors (5120K)
 Metaspace       used 48379K, capacity 50104K, committed 50128K, reserved 1101824K
  class space    used 6388K, capacity 7038K, committed 7040K, reserved 1048576K
}
Event: 8.135 GC heap after
{Heap after GC invocations=22 (full 0):
 garbage-first heap   total 71680K, used 26699K [0x00000000c1c00000, 0x0000000100000000)
  region size 1024K, 1 young (1024K), 1 survivors (1024K)
 Metaspace       used 48379K, capacity 50104K, committed 50128K, reserved 1101824K
  class space    used 6388K, capacity 7038K, committed 7040K, reserved 1048576K
}

Deoptimization events (6 events):
Event: 5.877 Thread 0x000001a7dee93000 DEOPT PACKING pc=0x000001a7c9d2e193 sp=0x000000958ebf8e80
Event: 5.877 Thread 0x000001a7dee93000 DEOPT UNPACKING pc=0x000001a7c93b964e sp=0x000000958ebf8388 mode 3
Event: 6.587 Thread 0x000001a7dee93000 DEOPT PACKING pc=0x000001a7c9b9e68c sp=0x000000958ebf6690
Event: 6.587 Thread 0x000001a7dee93000 DEOPT UNPACKING pc=0x000001a7c93b964e sp=0x000000958ebf5b60 mode 0
Event: 8.126 Thread 0x000001a7dee93000 DEOPT PACKING pc=0x000001a7c9baeb64 sp=0x000000958ebf8d90
Event: 8.126 Thread 0x000001a7dee93000 DEOPT UNPACKING pc=0x000001a7c93b964e sp=0x000000958ebf82b8 mode 0

Classes unloaded (4 events):
Event: 2.557 Thread 0x000001a7dcd59000 Unloading class 0x0000000100137c40 'sun/nio/ch/NioSocketImpl$$Lambda$92'
Event: 2.557 Thread 0x000001a7dcd59000 Unloading class 0x0000000100116440 'java/rmi/server/ObjID$$Lambda$76'
Event: 5.213 Thread 0x000001a7dcd59000 Unloading class 0x000000010018f040 'sun/rmi/server/UnicastServerRef$$Lambda$135'
Event: 5.213 Thread 0x000001a7dcd59000 Unloading class 0x000000010015bc40 'sun/rmi/transport/tcp/TCPTransport$ConnectionHandler$$Lambda$125'

Classes redefined (0 events):
No events

Internal exceptions (20 events):
Event: 7.615 Thread 0x000001a7dee93000 Exception <a 'java/lang/ClassNotFoundException'{0x00000000c56439d0}: org/springframework/cloud/context/scope/GenericScopeCustomizer> (0x00000000c56439d0) 
thrown [./open/src/hotspot/share/classfile/systemDictionary.cpp, line 226]
Event: 7.616 Thread 0x000001a7dee93000 Exception <a 'java/lang/ClassNotFoundException'{0x00000000c5669f00}: org/springframework/beans/factory/config/ScopeCustomizer> (0x00000000c5669f00) 
thrown [./open/src/hotspot/share/classfile/systemDictionary.cpp, line 226]
Event: 7.616 Thread 0x000001a7dee93000 Exception <a 'java/lang/ClassNotFoundException'{0x00000000c568bdc0}: org/springframework/beans/factory/config/BeanFactoryPostProcessorCustomizer> (0x00000000c568bdc0) 
thrown [./open/src/hotspot/share/classfile/systemDictionary.cpp, line 226]
Event: 7.616 Thread 0x000001a7dee93000 Exception <a 'java/lang/ClassNotFoundException'{0x00000000c56ae748}: org/springframework/beans/factory/support/BeanDefinitionRegistryPostProcessorCustomizer> (0x00000000c56ae748) 
thrown [./open/src/hotspot/share/classfile/systemDictionary.cpp, line 226]
Event: 7.617 Thread 0x000001a7dee93000 Exception <a 'java/lang/ClassNotFoundException'{0x00000000c56ce928}: org/springframework/beans/factory/config/BeanFactoryPostProcessorCustomizer> (0x00000000c56ce928) 
thrown [./open/src/hotspot/share/classfile/systemDictionary.cpp, line 226]
Event: 7.617 Thread 0x000001a7dee93000 Exception <a 'java/lang/ClassNotFoundException'{0x00000000c56eae58}: org/springframework/beans/factory/DisposableBeanCustomizer> (0x00000000c56eae58) 
thrown [./open/src/hotspot/share/classfile/systemDictionary.cpp, line 226]
Event: 7.619 Thread 0x000001a7dee93000 Exception <a 'java/lang/ClassNotFoundException'{0x00000000c56fb900}: java/lang/ObjectCustomizer> (0x00000000c56fb900) 
thrown [./open/src/hotspot/share/classfile/systemDictionary.cpp, line 226]
Event: 7.619 Thread 0x000001a7dee93000 Exception <a 'java/lang/ClassNotFoundException'{0x00000000c5520e50}: org/springframework/cloud/context/properties/ConfigurationPropertiesRebinderCustomizer> (0x00000000c5520e50) 
thrown [./open/src/hotspot/share/classfile/systemDictionary.cpp, line 226]
Event: 7.620 Thread 0x000001a7dee93000 Exception <a 'java/lang/ClassNotFoundException'{0x00000000c5549c38}: org/springframework/context/ApplicationContextAwareCustomizer> (0x00000000c5549c38) 
thrown [./open/src/hotspot/share/classfile/systemDictionary.cpp, line 226]
Event: 7.621 Thread 0x000001a7dee93000 Exception <a 'java/lang/ClassNotFoundException'{0x00000000c55649d0}: org/springframework/beans/factory/AwareCustomizer> (0x00000000c55649d0) 
thrown [./open/src/hotspot/share/classfile/systemDictionary.cpp, line 226]
Event: 7.621 Thread 0x000001a7dee93000 Exception <a 'java/lang/ClassNotFoundException'{0x00000000c557fb38}: org/springframework/context/ApplicationListenerCustomizer> (0x00000000c557fb38) 
thrown [./open/src/hotspot/share/classfile/systemDictionary.cpp, line 226]
Event: 7.621 Thread 0x000001a7dee93000 Exception <a 'java/lang/ClassNotFoundException'{0x00000000c5583210}: java/util/EventListenerCustomizer> (0x00000000c5583210) 
thrown [./open/src/hotspot/share/classfile/systemDictionary.cpp, line 226]
Event: 7.622 Thread 0x000001a7dee93000 Exception <a 'java/lang/ClassNotFoundException'{0x00000000c55923c0}: java/lang/ObjectCustomizer> (0x00000000c55923c0) 
thrown [./open/src/hotspot/share/classfile/systemDictionary.cpp, line 226]
Event: 7.622 Thread 0x000001a7dee93000 Exception <a 'java/lang/ClassNotFoundException'{0x00000000c55b3e08}: org/springframework/jmx/export/metadata/AbstractJmxAttributeCustomizer> (0x00000000c55b3e08) 
thrown [./open/src/hotspot/share/classfile/systemDictionary.cpp, line 226]
Event: 7.623 Thread 0x000001a7dee93000 Exception <a 'java/lang/ClassNotFoundException'{0x00000000c55d4098}: org/springframework/jmx/export/metadata/ManagedAttributeCustomizer> (0x00000000c55d4098) 
thrown [./open/src/hotspot/share/classfile/systemDictionary.cpp, line 226]
Event: 7.628 Thread 0x000001a7dee93000 Exception <a 'java/lang/NoSuchMethodError'{0x00000000c541aaf8}: 'java.lang.Object java.lang.invoke.DirectMethodHandle$Holder.invokeSpecial(java.lang.Object, java.lang.Object, int, java.lang.Object, int, java.lang.Object)'> (0x00000000c541aaf8) 
thrown [./open/src/hotspot/share/interpreter/linkResolver.cpp, line 766]
Event: 7.629 Thread 0x000001a7dee93000 Exception <a 'java/lang/NoSuchMethodError'{0x00000000c5421928}: 'java.lang.Object java.lang.invoke.DirectMethodHandle$Holder.invokeStatic(java.lang.Object, java.lang.Object, int, java.lang.Object, int)'> (0x00000000c5421928) 
thrown [./open/src/hotspot/share/interpreter/linkResolver.cpp, line 766]
Event: 7.629 Thread 0x000001a7dee93000 Exception <a 'java/lang/NoSuchMethodError'{0x00000000c5424cd8}: 'java.lang.Object java.lang.invoke.DirectMethodHandle$Holder.invokeSpecial(java.lang.Object, java.lang.Object, java.lang.Object, int, java.lang.Object, int)'> (0x00000000c5424cd8) 
thrown [./open/src/hotspot/share/interpreter/linkResolver.cpp, line 766]
Event: 7.834 Thread 0x000001a7dee93000 Exception <a 'sun/nio/fs/WindowsException'{0x00000000c4a7e880}> (0x00000000c4a7e880) 
thrown [./open/src/hotspot/share/prims/jni.cpp, line 599]
Event: 7.848 Thread 0x000001a7dee93000 Exception <a 'java/lang/NoSuchMethodError'{0x00000000c4a9e6e0}: 'int java.lang.invoke.DirectMethodHandle$Holder.invokeStaticInit(java.lang.Object, java.lang.Object, java.lang.Object, java.lang.Object)'> (0x00000000c4a9e6e0) 
thrown [./open/src/hotspot/share/interpreter/linkResolver.cpp, line 766]

Events (20 events):
Event: 8.077 loading class java/time/temporal/TemporalQueries$3 done
Event: 8.077 loading class java/time/temporal/TemporalQueries$4
Event: 8.077 loading class java/time/temporal/TemporalQueries$4 done
Event: 8.077 loading class java/time/temporal/TemporalQueries$5
Event: 8.077 loading class java/time/temporal/TemporalQueries$5 done
Event: 8.077 loading class java/time/temporal/TemporalQueries$6
Event: 8.077 loading class java/time/temporal/TemporalQueries$6 done
Event: 8.077 loading class java/time/temporal/TemporalQueries$7
Event: 8.077 loading class java/time/temporal/TemporalQueries$7 done
Event: 8.077 loading class java/time/format/DateTimeFormatterBuilder$ReducedPrinterParser
Event: 8.078 loading class java/time/format/DateTimeFormatterBuilder$ReducedPrinterParser done
Event: 8.106 loading class java/util/concurrent/atomic/AtomicMarkableReference
Event: 8.106 Executing VM operation: CollectForMetadataAllocation
Event: 8.107 Executing VM operation: CollectForMetadataAllocation done
Event: 8.107 loading class java/util/concurrent/atomic/AtomicMarkableReference done
Event: 8.107 loading class java/util/concurrent/atomic/AtomicMarkableReference$Pair
Event: 8.107 loading class java/util/concurrent/atomic/AtomicMarkableReference$Pair done
Event: 8.126 Executing VM operation: HandshakeAllThreads
Event: 8.126 Executing VM operation: HandshakeAllThreads done
Event: 8.128 Executing VM operation: CollectForMetadataAllocation


Dynamic libraries:
0x00007ff733c10000 - 0x00007ff733c1d000 	C:\softwares\sts-4.8.0.RELEASE\plugins\org.eclipse.justj.openjdk.hotspot.jre.full.win32.x86_64_14.0.2.v20200815-0932\jre\bin\javaw.exe
0x00007ffae6c30000 - 0x00007ffae6e25000 	C:\WINDOWS\SYSTEM32\ntdll.dll
0x00007ffae4dd0000 - 0x00007ffae4e8e000 	C:\WINDOWS\System32\KERNEL32.DLL
0x00007ffae49c0000 - 0x00007ffae4c88000 	C:\WINDOWS\System32\KERNELBASE.dll
0x00007ffae4890000 - 0x00007ffae4990000 	C:\WINDOWS\System32\ucrtbase.dll
0x00007ffadde50000 - 0x00007ffadde65000 	C:\softwares\sts-4.8.0.RELEASE\plugins\org.eclipse.justj.openjdk.hotspot.jre.full.win32.x86_64_14.0.2.v20200815-0932\jre\bin\VCRUNTIME140.dll
0x00007ffacf140000 - 0x00007ffacf158000 	C:\softwares\sts-4.8.0.RELEASE\plugins\org.eclipse.justj.openjdk.hotspot.jre.full.win32.x86_64_14.0.2.v20200815-0932\jre\bin\jli.dll
0x00007ffae4e90000 - 0x00007ffae5030000 	C:\WINDOWS\System32\USER32.dll
0x00007ffae4860000 - 0x00007ffae4882000 	C:\WINDOWS\System32\win32u.dll
0x00007ffae5ee0000 - 0x00007ffae5f0b000 	C:\WINDOWS\System32\GDI32.dll
0x00007ffae4520000 - 0x00007ffae462b000 	C:\WINDOWS\System32\gdi32full.dll
0x00007ffae47c0000 - 0x00007ffae485d000 	C:\WINDOWS\System32\msvcp_win.dll
0x00007ffac01f0000 - 0x00007ffac048a000 	C:\WINDOWS\WinSxS\amd64_microsoft.windows.common-controls_6595b64144ccf1df_6.0.19041.1110_none_60b5254171f9507e\COMCTL32.dll
0x00007ffae5a60000 - 0x00007ffae5afe000 	C:\WINDOWS\System32\msvcrt.dll
0x00007ffae5bc0000 - 0x00007ffae5bf0000 	C:\WINDOWS\System32\IMM32.DLL
0x00007ffacb5f0000 - 0x00007ffacb68b000 	C:\softwares\sts-4.8.0.RELEASE\plugins\org.eclipse.justj.openjdk.hotspot.jre.full.win32.x86_64_14.0.2.v20200815-0932\jre\bin\msvcp140.dll
0x00007ffa861c0000 - 0x00007ffa86cde000 	C:\softwares\sts-4.8.0.RELEASE\plugins\org.eclipse.justj.openjdk.hotspot.jre.full.win32.x86_64_14.0.2.v20200815-0932\jre\bin\server\jvm.dll
0x00007ffae5b10000 - 0x00007ffae5bbe000 	C:\WINDOWS\System32\ADVAPI32.dll
0x00007ffae5d90000 - 0x00007ffae5e2c000 	C:\WINDOWS\System32\sechost.dll
0x00007ffae5030000 - 0x00007ffae5155000 	C:\WINDOWS\System32\RPCRT4.dll
0x00007ffae4c90000 - 0x00007ffae4c98000 	C:\WINDOWS\System32\PSAPI.DLL
0x00007ffadd240000 - 0x00007ffadd24a000 	C:\WINDOWS\SYSTEM32\VERSION.dll
0x00007ffad2ac0000 - 0x00007ffad2ae7000 	C:\WINDOWS\SYSTEM32\WINMM.dll
0x00007ffaccf50000 - 0x00007ffaccf59000 	C:\WINDOWS\SYSTEM32\WSOCK32.dll
0x00007ffae6270000 - 0x00007ffae62db000 	C:\WINDOWS\System32\WS2_32.dll
0x00007ffae2bb0000 - 0x00007ffae2bc2000 	C:\WINDOWS\SYSTEM32\kernel.appcore.dll
0x00007ffadb690000 - 0x00007ffadb69a000 	C:\softwares\sts-4.8.0.RELEASE\plugins\org.eclipse.justj.openjdk.hotspot.jre.full.win32.x86_64_14.0.2.v20200815-0932\jre\bin\jimage.dll
0x00007ffae1fd0000 - 0x00007ffae21b4000 	C:\WINDOWS\SYSTEM32\DBGHELP.DLL
0x00007ffacfcc0000 - 0x00007ffacfcec000 	C:\WINDOWS\SYSTEM32\dbgcore.DLL
0x00007ffae4630000 - 0x00007ffae46b2000 	C:\WINDOWS\System32\bcryptPrimitives.dll
0x00007ffac0030000 - 0x00007ffac0055000 	C:\softwares\sts-4.8.0.RELEASE\plugins\org.eclipse.justj.openjdk.hotspot.jre.full.win32.x86_64_14.0.2.v20200815-0932\jre\bin\java.dll
0x00007ffabfb90000 - 0x00007ffabfba6000 	C:\softwares\sts-4.8.0.RELEASE\plugins\org.eclipse.justj.openjdk.hotspot.jre.full.win32.x86_64_14.0.2.v20200815-0932\jre\bin\zip.dll
0x00007ffae6440000 - 0x00007ffae6b84000 	C:\WINDOWS\System32\SHELL32.dll
0x00007ffae2400000 - 0x00007ffae2b94000 	C:\WINDOWS\SYSTEM32\windows.storage.dll
0x00007ffae5f10000 - 0x00007ffae6264000 	C:\WINDOWS\System32\combase.dll
0x00007ffae3ce0000 - 0x00007ffae3d0c000 	C:\WINDOWS\SYSTEM32\Wldp.dll
0x00007ffae5e30000 - 0x00007ffae5edd000 	C:\WINDOWS\System32\SHCORE.dll
0x00007ffae5bf0000 - 0x00007ffae5c45000 	C:\WINDOWS\System32\shlwapi.dll
0x00007ffae4290000 - 0x00007ffae42af000 	C:\WINDOWS\SYSTEM32\profapi.dll
0x00007ffabf500000 - 0x00007ffabf519000 	C:\softwares\sts-4.8.0.RELEASE\plugins\org.eclipse.justj.openjdk.hotspot.jre.full.win32.x86_64_14.0.2.v20200815-0932\jre\bin\net.dll
0x00007ffadcad0000 - 0x00007ffadcbd9000 	C:\WINDOWS\SYSTEM32\WINHTTP.dll
0x00007ffae39f0000 - 0x00007ffae3a5a000 	C:\WINDOWS\system32\mswsock.dll
0x00007ffabf4e0000 - 0x00007ffabf4f2000 	C:\softwares\sts-4.8.0.RELEASE\plugins\org.eclipse.justj.openjdk.hotspot.jre.full.win32.x86_64_14.0.2.v20200815-0932\jre\bin\nio.dll
0x00007ffadd450000 - 0x00007ffadd459000 	C:\softwares\sts-4.8.0.RELEASE\plugins\org.eclipse.justj.openjdk.hotspot.jre.full.win32.x86_64_14.0.2.v20200815-0932\jre\bin\management.dll
0x00007ffae3740000 - 0x00007ffae380a000 	C:\WINDOWS\SYSTEM32\DNSAPI.dll
0x00007ffae36f0000 - 0x00007ffae372b000 	C:\WINDOWS\SYSTEM32\IPHLPAPI.DLL
0x00007ffae57a0000 - 0x00007ffae57a8000 	C:\WINDOWS\System32\NSI.dll
0x00007ffad4240000 - 0x00007ffad424a000 	C:\Windows\System32\rasadhlp.dll
0x00007ffad4250000 - 0x00007ffad42cf000 	C:\WINDOWS\System32\fwpuclnt.dll
0x00007ffae4990000 - 0x00007ffae49b7000 	C:\WINDOWS\System32\bcrypt.dll
0x00007ffadd440000 - 0x00007ffadd44b000 	C:\softwares\sts-4.8.0.RELEASE\plugins\org.eclipse.justj.openjdk.hotspot.jre.full.win32.x86_64_14.0.2.v20200815-0932\jre\bin\management_ext.dll
0x00007ffacc940000 - 0x00007ffacc957000 	C:\WINDOWS\system32\napinsp.dll
0x00007ffacc3b0000 - 0x00007ffacc3cb000 	C:\WINDOWS\system32\pnrpnsp.dll
0x00007ffadeaf0000 - 0x00007ffadeb05000 	C:\WINDOWS\system32\wshbth.dll
0x00007ffadf600000 - 0x00007ffadf61d000 	C:\WINDOWS\system32\NLAapi.dll
0x00007ffacc370000 - 0x00007ffacc382000 	C:\WINDOWS\System32\winrnr.dll
0x00007ffae3c10000 - 0x00007ffae3c28000 	C:\WINDOWS\SYSTEM32\CRYPTSP.dll
0x00007ffae3380000 - 0x00007ffae33b4000 	C:\WINDOWS\system32\rsaenh.dll
0x00007ffae4210000 - 0x00007ffae423e000 	C:\WINDOWS\SYSTEM32\USERENV.dll
0x00007ffae3c30000 - 0x00007ffae3c3c000 	C:\WINDOWS\SYSTEM32\CRYPTBASE.dll
0x00007ffadc930000 - 0x00007ffadc947000 	C:\WINDOWS\SYSTEM32\dhcpcsvc6.DLL
0x00007ffadc910000 - 0x00007ffadc92d000 	C:\WINDOWS\SYSTEM32\dhcpcsvc.DLL
0x00007ffaca810000 - 0x00007ffaca81e000 	C:\softwares\sts-4.8.0.RELEASE\plugins\org.eclipse.justj.openjdk.hotspot.jre.full.win32.x86_64_14.0.2.v20200815-0932\jre\bin\sunmscapi.dll
0x00007ffae43c0000 - 0x00007ffae4516000 	C:\WINDOWS\System32\CRYPT32.dll
0x00007ffae3d50000 - 0x00007ffae3d77000 	C:\WINDOWS\SYSTEM32\ncrypt.dll
0x00007ffae3d10000 - 0x00007ffae3d4b000 	C:\WINDOWS\SYSTEM32\NTASN1.dll
0x00007ffab35f0000 - 0x00007ffab3615000 	C:\softwares\sts-4.8.0.RELEASE\plugins\org.eclipse.justj.openjdk.hotspot.jre.full.win32.x86_64_14.0.2.v20200815-0932\jre\bin\sunec.dll

dbghelp: loaded successfully - version: 4.0.5 - missing functions: none
symbol engine: initialized successfully - sym options: 0x614 - pdb path: .;C:\softwares\sts-4.8.0.RELEASE\plugins\org.eclipse.justj.openjdk.hotspot.jre.full.win32.x86_64_14.0.2.v20200815-0932\jre\bin;C:\WINDOWS\SYSTEM32;C:\WINDOWS\WinSxS\amd64_microsoft.windows.common-controls_6595b64144ccf1df_6.0.19041.1110_none_60b5254171f9507e;C:\softwares\sts-4.8.0.RELEASE\plugins\org.eclipse.justj.openjdk.hotspot.jre.full.win32.x86_64_14.0.2.v20200815-0932\jre\bin\server

VM Arguments:
jvm_args: -Dcom.sun.management.jmxremote -Dcom.sun.management.jmxremote.port=60751 -Dcom.sun.management.jmxremote.authenticate=false -Dcom.sun.management.jmxremote.ssl=false -Djava.rmi.server.hostname=localhost -Dspring.jmx.enabled=true -Dspring.application.admin.enabled=true -Xverify:none -XX:TieredStopAtLevel=1 -Dspring.boot.project.name=MS04-ApiGateway -Dfile.encoding=UTF-8 -XX:+ShowCodeDetailsInExceptionMessages 
java_command: com.swamy.Application --spring.output.ansi.enabled=always
java_class_path (initial): F:\Workspaces-STS\Microservices-Test\MS04-ApiGateway\target\classes;C:\Users\LENOVO PC\.m2\repository\org\springframework\boot\spring-boot-starter-actuator\2.6.7\spring-boot-starter-actuator-2.6.7.jar;C:\Users\LENOVO PC\.m2\repository\org\springframework\boot\spring-boot-starter\2.6.7\spring-boot-starter-2.6.7.jar;C:\Users\LENOVO PC\.m2\repository\org\springframework\boot\spring-boot-starter-logging\2.6.7\spring-boot-starter-logging-2.6.7.jar;C:\Users\LENOVO PC\.m2\repository\ch\qos\logback\logback-classic\1.2.11\logback-classic-1.2.11.jar;C:\Users\LENOVO PC\.m2\repository\ch\qos\logback\logback-core\1.2.11\logback-core-1.2.11.jar;C:\Users\LENOVO PC\.m2\repository\org\apache\logging\log4j\log4j-to-slf4j\2.17.2\log4j-to-slf4j-2.17.2.jar;C:\Users\LENOVO PC\.m2\repository\org\apache\logging\log4j\log4j-api\2.17.2\log4j-api-2.17.2.jar;C:\Users\LENOVO PC\.m2\repository\org\slf4j\jul-to-slf4j\1.7.36\jul-to-slf4j-1.7.36.jar;C:\Users\LENOVO PC\.m2\repository\jakarta\annotation\jakarta.annotation-api\1.3.5\jakarta.annotation-api-1.3.5.jar;C:\Users\LENOVO PC\.m2\repository\org\yaml\snakeyaml\1.29\snakeyaml-1.29.jar;C:\Users\LENOVO PC\.m2\repository\org\springframework\boot\spring-boot-actuator-autoconfigure\2.6.7\spring-boot-actuator-autoconfigure-2.6.7.jar;C:\Users\LENOVO PC\.m2\repository\org\springframework\boot\spring-boot-actuator\2.6.7\spring-boot-actuator-2.6.7.jar;C:\Users\LENOVO PC\.m2\repository\com\fasterxml\jackson\core\jackson-databind\2.13.2.1\jackson-databind-2.13.2.1.jar;C:\Users\LENOVO PC\.m2\repository\com\fasterxml\jackson\datatype\jackson-datatype-jsr310\2.13.2\jackson-datatype-jsr310-2.13.2.jar;C:\Users\LENOVO PC\.m2\repository\io\micrometer\micrometer-core\1.8.5\micrometer-core-1.8.5.jar;C:\Users\LENOVO PC\.m2\repository\org\hdrhistogram\HdrHistogram\2.1.12\HdrHistogram-2.1.12.jar;C:\Users\LENOVO PC\.m2\repository\org\latencyutils\LatencyUtils\2.0.3\LatencyUtils-2.0.3.jar;C:\Users\LENOVO PC\.m2\repository\org\springframework\
Launcher Type: SUN_STANDARD

[Global flags]
     intx CICompilerCount                          = 3                                         {product} {ergonomic}
     uint ConcGCThreads                            = 1                                         {product} {ergonomic}
     uint G1ConcRefinementThreads                  = 4                                         {product} {ergonomic}
   size_t G1HeapRegionSize                         = 1048576                                   {product} {ergonomic}
    uintx GCDrainStackTargetSize                   = 64                                        {product} {ergonomic}
   size_t InitialHeapSize                          = 67108864                                  {product} {ergonomic}
     bool ManagementServer                         = true                                      {product} {command line}
   size_t MarkStackSize                            = 4194304                                   {product} {ergonomic}
   size_t MaxHeapSize                              = 1044381696                                {product} {ergonomic}
   size_t MaxNewSize                               = 625999872                                 {product} {ergonomic}
   size_t MinHeapDeltaBytes                        = 1048576                                   {product} {ergonomic}
   size_t MinHeapSize                              = 8388608                                   {product} {ergonomic}
    uintx NonNMethodCodeHeapSize                   = 6973028                                {pd product} {ergonomic}
    uintx NonProfiledCodeHeapSize                  = 244685212                              {pd product} {ergonomic}
    uintx ProfiledCodeHeapSize                     = 0                                      {pd product} {ergonomic}
    uintx ReservedCodeCacheSize                    = 251658240                              {pd product} {ergonomic}
     bool SegmentedCodeCache                       = true                                      {product} {ergonomic}
     bool ShowCodeDetailsInExceptionMessages       = true                                   {manageable} {command line}
   size_t SoftMaxHeapSize                          = 1044381696                             {manageable} {ergonomic}
     intx TieredStopAtLevel                        = 1                                         {product} {command line}
     bool UseCompressedClassPointers               = true                                 {lp64_product} {ergonomic}
     bool UseCompressedOops                        = true                                 {lp64_product} {ergonomic}
     bool UseG1GC                                  = true                                      {product} {ergonomic}
     bool UseLargePagesIndividualAllocation        = false                                  {pd product} {ergonomic}

Logging:
Log output configuration:
 #0: stdout all=warning uptime,level,tags
 #1: stderr all=off uptime,level,tags

Environment Variables:
JAVA_HOME=C:\Program Files\Java\jdk1.8.0_202
PATH=C:/softwares/sts-4.8.0.RELEASE//plugins/org.eclipse.justj.openjdk.hotspot.jre.full.win32.x86_64_14.0.2.v20200815-0932/jre/bin/server;C:/softwares/sts-4.8.0.RELEASE//plugins/org.eclipse.justj.openjdk.hotspot.jre.full.win32.x86_64_14.0.2.v20200815-0932/jre/bin;C:\Program Files\Java\jdk1.8.0_202\bin;C:\Program Files\Java\jre1.8.0_202\bin;C:\Program Files (x86)\Common Files\Oracle\Java\javapath;C:\softwares\Oracle11g\OracleDB\product\11.2.0\dbhome_1\bin;C:\Program Files\Common Files\Oracle\Java\javapath;C:\WINDOWS\system32;C:\WINDOWS;C:\WINDOWS\System32\Wbem;C:\WINDOWS\System32\WindowsPowerShell\v1.0\;C:\WINDOWS\System32\OpenSSH\;C:\Program Files\nodejs;C:\Users\LENOVO PC\AppData\Roaming\npm;C:\Program Files\MongoDB\Server\4.0\bin;C:\Program Files\apache-maven-3.8.3\bin;C:\Program Files\MySQL\MySQL Server 8.0\bin;C:\Program Files\nodejs\;C:\Users\LENOVO PC\AppData\Roaming\npm;C:\Program Files\PuTTY\;C:\softwares\apache-zookeeper-3.8.0\bin;C:\Users\LENOVO PC\AppData\Roaming\npm;C:\Users\LENOVO PC\AppData\Roaming\npm\node_modules\npm\bin;C:\Program Files\Git\cmd;C:\Program Files\Docker\Docker\resources\bin;C:\ProgramData\DockerDesktop\version-bin;C:\Program Files\MySQL\MySQL Shell 8.0\bin\;C:\Users\LENOVO PC\AppData\Local\Microsoft\WindowsApps;;C:\Users\LENOVO PC\AppData\Local\Programs\Microsoft VS Code\bin;C:\Users\LENOVO PC\AppData\Roaming\npm;C:\Program Files\Heroku\bin;C:\softwares\sts-4.8.0.RELEASE;
USERNAME=LENOVO PC
OS=Windows_NT
PROCESSOR_IDENTIFIER=Intel64 Family 6 Model 142 Stepping 11, GenuineIntel



---------------  S Y S T E M  ---------------

OS: Windows 10 , 64 bit Build 19041 (10.0.19041.1566)
OS uptime: 4 days 3:30 hours
HyperV virtualization detected

CPU:total 4 (initial active 4) (2 cores per cpu, 2 threads per core) family 6 model 142 stepping 11, cmov, cx8, fxsr, mmx, sse, sse2, sse3, ssse3, sse4.1, sse4.2, popcnt, avx, avx2, aes, clmul, erms, 3dnowpref, lzcnt, ht, tsc, tscinvbit, bmi1, bmi2, adx, fma

Memory: 4k page, system-wide physical 3976M (224M free)
TotalPageFile size 16264M (AvailPageFile size 0M)
current process WorkingSet (physical memory assigned to process): 186M, peak: 186M
current process commit charge ("private bytes"): 213M, peak: 214M

vm_info: OpenJDK 64-Bit Server VM (14.0.2+12-46) for windows-amd64 JRE (14.0.2+12-46), built on Jul  9 2020 00:31:16 by "mach5one" with MS VC++ 15.9 (VS2017)

END.
